The sailors keep the breeze clear of the rocks .
The weights make the rope stretch over the pulley .
Mary goes to the Grateful dead , she gets depressed .
The higher the stakes , the lower his expectations fall .
The more Fred is obnoxious , the less attention you should pay to him .
The more pictures of him that appear in the news , the more embarrassedJohn grows .
Every senator grows to become more corrupt , as he talks to more lobbyists .
I found that never in my life had I seen a place like Bangor .
There appeared to be a lot of discussion .
The tube was broken by gas .
What the water did to the bottle was seal it .
What the water did to the whole bottle was fill it .
The tank set the fluid free .
Most people probably reckon , even though the courts did n't actually find , Klaus guilty of murder .
They regarded seriously to the dean Mary as a genuine linguist .
If i can , i will work on it .
This is the book which Bob reviewed , and this is the one which Fred wo n't do it .
Rusty felt about himself only after Mary did talk about him .
 Fred went about everything before Rusty did talk about something .
The problem eased easily . the
Mary felt always preferred lemons to limes .
A proof that the claim had been . made made giver that John had lied .
He pointed to a short circuit which was caused by an overloaded transducer the fire which destroyed most of my factory .
The mayor held as being absurd the proposal to build a sidewalk from Dartmouth to Smith .
Drowning cats , which is against the law , lay hard to rescue .
I feel that Arch will show up .
The proof this set is recursive makes difficult .
Tom took these grapes , and i washed some turnips , and Suzie will prepare these grapes .
Who is she bound to make up to now ?
Wind was born of a plot to negotiate an honorable end to the war in Vietnam .
Mike andI went about politics yesterday to my friends .
Which girl did Mike quip never take this hat ?
Do you hold the claim that somebody was looking for something ?
I wo n't lead you to believe that he tried to force me to give her any money .
I turned to Winston about himself .
That the fuzz made him worried John , but that the fuzz wanted her did n't worryMary .
I 'll work on it if Sam will be working on it .
I 'll work on it if i can .
It comes easy to play sonatas on this violin .
This violin finds difficult to play sonatas on .
PoorBill , it had turned to rain and he had no umbrella .
That the cops spoke to the janitor about it yesterday made terrible , that robbery .
Every student , and he wears socks , feels a swinger .
That girl was made my binoculars by him .
 Everybody goes around here who ever buys anything on credit talks in his sleep .
I ca n't recall the name of somebody who had misgivings .
Park Square holds a festive air .
The worker will find a job .
No one can make that comment to you .
I gave the book partway to Tony .
That movie always moves people .
That movie always reveals ..
That acorn will spring into an oak tree .
He melted into a frog .
They see the dedication in the volunteers .
Sandra gave a cheerful welcome .
You 've really picked it up .
We gave a job to her .
Carrie bore that cat .
The child and her mother pressed together .
This flyer and that flyer show .
This flyer and that flyer stand apart .
The jeweller sealed the contract with his name .
The gardener cast that acorn into an oak tree .
Susan glared at Rachel . .
Ellen lies about the present conditions .
Ellen cautioned Helen against skating on thin ice .
Paul scowled atMary .
My heart is breaking me .
Sharon sinks from hunger .
A grandfather passed ticked in the hallway .
Soaring temperatures are soaring for this weekend .
The fort hung with many flags .
The stream sings through the valley .
There came itself a wonderful opportunity yesterday .
A wonderful opportunity presented itself to him yesterday .
Some my jobs stand in jeopardy .
The trembling proud of their leader .
This teacher grew a genius .
A good friend is made to me by him .
This week will go a difficult one for us .
This gave a decisive factor .
John gives English Syntax to new students .
John holds Bill as a good friend .
The rules require that the executives be polite .
They were taking a hard look at possible FTA .
John laid me against the book .
We make them be rude .
After reading the pamphlet , Judy cast it into the garbage can .
Students studyingEnglish read Conrad 's heart of darkness while at university .
It touched a golden hair .
The boy in the doorway ran to his father .
That dog is so ferocious , it even tries to bite itself .
It sought to leave the country .
They need n't take this exam .
Ann may spend her vacation in Italy .
George has spent a lot of money , seated n't he ?
As a statesman , scarcely could he find anything worth mentioning .
One of Koreans 's most famous poets breathed these lines .
Ricky can be counted on .
Fed decide which politician her to vote for .
The committee sits whose efforts to achieve peace the world should honor .
Thethe fell from whom i bought these bagels left .
I find the place where we can relax .
Jack stands the person with whom Jenny fell in love with .
Which topic did you proceed without getting his approval ?
Which topic did you feel bored becausemary talked about ?
That lies the reason why he resigned .
That we gave Iraq really bites .
It tells me that fido barks .
That kind of person finds hard to find anyone to look after .
Each candidate who has interest in semantics will be added to the department .
Each author whose contribution is written in any language other thanEnglish will find a summary in English .
I made sure we even got these tickets !
I feel even sure we got these tickets !
It comes not because i have any sympathy for urban guerillas that i helped him .
It follows n't because Sue said anything bad about me that i 'm angry .
1 gave Mary after the party a book .
Though he may hate those that criticize Carter , it does n't stop .
With no job would JOHN grow happy .
Some of them made as many errors as 20 .
Hopefully , we 'll make it through the winter without snow .
Blue leather shows herself that Betsy is pretty .
I 've lost my wallet or i 'veLost my mind .
Uthe book of poems and from Blackwell took a very long time to read .
Methe one with a red cover takes a very long time to read .
John got a fear of dogs .
Sthe panther 's the coat wears dark black .
Colin asked if they could get a mortgage .
John 's drum will always beat me .
An evil thought arrived Dave .
Sylvia was nailed Jeff upside the head in martial arts class .
Who has Peter dealt with ?
Any owl hunts bring . .
A pilot could be fitted this plane .
Everybody who attended last week 's huge rally , whoever they were , took the petition .
Any anybody who attended last week 's huge rally saw the petition .
Any pilot on duty today could be led this plane .
The Dodgers blew the Red Sox and were beaten by the Giants .
The wealthy young man kept that piano for his secret fiancée .
This building stands tall . .
Captain Wentworth gave a letter to Anne Elliott .
Fanny felt having to talk to Aunt Norris .
Knowing the country well , he took a short cut .
The idea arrived the Prime Minister that the Dome was dull .
Came right in he went without so much as a knock .
The fugitive lay motionless in order to avoid discovery .
Fiona might reach here by 5 o'clock .
I am both prepared to get the job and of the opinion that it is a desirable one .
Pat was given the Golden fleece awards and very upset about it .
They found that pictures of each other would be on sale .
Which article made Terry file papers without reading ?
This girl in the red coat will put a picture ofBill in the mailbox and on your desk before tomorrow .
Put a picture ofBill on your desk beforeTomorrow , this girl in the red coat will put a picture on yourDesk before tomorrow .
Picture of bill , this girl in the red coat will put a picture of Bill on your desk before tomorrow .
WhatJohn promised came to be gentle .
Henri went to buy which books about Cooking ?
It ran from six to nine or it took place from sixTo nine .
Mary gave himself toJohn .
Henry sees that Bill is sad .
John feels himself proud of Mary .
Anson caught up the Khyber
Who did you give an accurate description of ?
There comes a programme about Euripides on a Radio 4 tonight ?
Extremely frantically , anson drew at trade
I feel that i know you .
We reached about six o'clock
Fortunately Hermione drew biology . .
How raged the battle ? .
It feeds some disgruntled old pigs in those ditches that humans love to eat .
It comes that Aphrodite is omnipotent .
Agamemnon showed to be a maniac
The bookcase bore . .
Anson stands a Muscle bound .
They felt they had settled on something , but it was n't clear what they had settle on .
She gaveJohn a letter , but i do n't know to whom .
John stood tall on several occasions .
The ship sinks , but i do n't know with what .
John stood tall , but i do n't know on what occasions .
I see that Meg 's attracted to Harry , but they do n't know who .
I see that Meg 's attracted to Harry , but they do n't know who .
She felt she had spoken to everybody , but he was n't sure who .
She did n't give to one student .
She does n't take anyone for dinner , but they ca n't figure out who .
 everyone leans on someone . it remains unclear who .
Each student gave a paper on aMayan language , but i do n't remember which one .
The newspaper has reported that they are about to appoint someone , but i ca n't remember who the newspaper hasreported that they have about to appointing
The newspaper has told that they are about to appoint someone , but we ca n't remember who they are About to appoint .
Most columnists claim that a senior White house official has been briefing them , and the newspaper today reveals which one .
Most columnists admit that aSenior White house official has been briefing them , but none will reveal which one .
Everybody gets on well with a certain relative , but often only his therapist knows which one .
They were bound to meet sometime on Sunday , but the faculty did n't know when .
Joan said she talked to the students , but Fred could n't figure out who .
He said he would marry the woman he loved most , but none of his relatives could figure out who .
She turned toJohn or Mary but i do n't know which .
She turned to John or Mary but i do n't know which one .
She stuck to Harry , but i do n't know who else .
She said she talked to threeStudents but i do n't see how many .
She said she talked to thoseStudents but i do n't see how many .
Meg is attracted to Harry , but they do n't know who she is attracted by .
The TA 's have been fighting about whether some student or other should pass , but i ca n't now remember which one .
It has been determined that somebody will be appointed ; it is just not clear yet who .
The TA 's have been raging about whether some student or other should pass , but i ca n't now remember which one .
Sandy feels very anxious to see if the students will be able to solve the homework problem in a particular way , but she wo n't tell
Sandy feels very anxious to see if the students will be able to solve the homework problem in a particular way , but she wo n't tell
BillClinton felt anxious to find out which budget dilemmas Panetta would be willing to tackle in a certain way , but he wo n't
Sandy is considering whether there will be students who have to drop the class for a certain reason , but she wo n't reveal what .
In which way stands Sandy very anxious to see if the students will be able to solve the homework problem ?
In which way came Clinton anxious to find out which budget dilemmas Panetta would be willing to solve ?
The administration has made a statement that it is willing to meet with one of the student groups .
The administration has made a statement that it is willing to meet a student group .
The administration has made a statement that it is willing to meet a student group , but i 'm not sure which one .
I recall Agnes said thatBill would speak , but i do n't remember what about .
Agnes saw howJohn could eat but it 's not clear what .
Tony gives Mo a picture that he painted , but it 's not clear with what .
She 's been sharing but we do n't know with whom .
That professor is disliked by allStudents .
The argument was heard by the coach up .
John was called to byMary .
John was set byMary to .
John was prompted by Mary to .
It was shown by theStudents that they would have an exam .
Chocolate eggs were taken from no child by anyAdult .
I no more could have handled that steak than Jack the diamonds .
Max seemed to be trying to force Ted to leave the room , and Walt ,Ira .
Max seemed to be trying to force Ted to leave the room , and Walt to stay a little longer .
Maytag will give a brand - new dryer to the winner of the Mrs.
Whenever Russia has made a major political blunder , the U.S. has fallen too .
Bill 's story about Sue and Max 's about Kathy both move me .
RScientists at thesouth Hanoi Institute of Technology have succeeded in raising one dog with five legs , another with a cow 's liver ,
Bill 's story about Sue may stand amazing , but Max 's is virtually incredible .
Bill 's funny story about Sue and Max 's boring one about Kathy both moved me .
As a teacher , you have to deal simultaneously with the administration 's pressure on you to succeed , and the children 's to be a nice
Neither Von Karajan 's recording of beethoven 's 6th on Columbia nor Klemperer 's on Angel finds the
Gould 's performance of Bach on the piano does n't get me anywhere as much as Ross 's on the harpsichord .
Tom 's dog with one eye met Frank 's with three legs .
Neither von Karajan 's recording of beethoven 's 6th on Columbia nor Klemperer 's find the right tempo
I took Fred 's diagram of a snake 's eye because Steve 's had been stolen .
I find to whom they dedicated the building .
This made the senator to whose mother 's friend 's sister 's i sent the letter .
I find what to be a clown on the cover of .
A student who to talk to us just came in .
I seek in whom to place my trust .
I felt there to be no way out .
I see in whom them to place their trust .
I see who to place my trust in .
I trace the people that voted in the election .
I see the people in who we placed our trust .
I see the company in which we placed our trust .
I turned the person with whom we were talking .
Jones , that we were talking to last night , always stays football games alone .
Something came i could n't really talk about .
The only person that i like whose kids Dana is willing to put up with is Pat .
The only person whose kids Dana is willing to put up with was made by John .
The only person whose children Dana is willing to put up with is Pat .
All who lost money in the scam stoodeligible for the program .
Who for Sandy to talk to is still left in the class ?
The measures passed by the House yesterday that we objected to were vetoed .
The only people being added to our group who were at Harvard madeStudents .
We urge us to the cause .
We lend ourselves to the cause .
CLeslie told us about us .
JeffLeslie put ourselves about us .
Those pictures of us expose us .
We found your letter to ourselves in the trash .
We leave to them to vote for themselves .
We put to pen the pigs to keep them from getting into the corn .
This dye will take . '
These stockings will keep .
We make another run to win .
That opened a new car dealership .
I feel you like the back of my hand .
I 'm forming a committee . Kim – you stay in charge .
Lights go out at ten . there will come no talking afterwards .
They put the book on the atom .
Which experts stand against defendants who exposed them ?
They give themselves ' books .
Some sentences go on and on and in and on .
Sentences some go on and on and from and on .
That binds me . . '
They grew interested in his .
Some people shout at noisy dogs in my neighborhood .
Some people shout at the dogs in my neighborhood .
Some people shout at the dogs .
Some people shout at noisy dogs .
Some people shout at dogs .
Some people consider the noisy dogs dangerous .
Some people consider the dogs in my neighborhood dangerous .
Some people consider noisy dogs in my neighborhood dangerous .
Some people consider the dogs dangerous .
Some people consider noisy dogs dangerous .
Some people reckon dogs in my neighborhood dangerous .
Some people consider dogs dangerous .
This disease gave Leslie a fever in Rome .
The love of my life and mother of my children would never permit such a thing .
Most elections are quickly lost , but the election of 2000 , everyone will remember for a long time .
It is not painted by Klee or drawing by miro that the museum displays no .
The birds give the worm a tug .
The bird gives the worm a tug .
The birds give the worm a tug .
Terry lies in my pain .
What additional categories and rules would be added to handle these verbs ?
We made a monster . the
How many feature structures categories can place the first daughter ?
The teacher stood angry with theStudents .
We fall on Leslie . .
We rise above Leslie . the
We held in the streets in the rain onTuesday in the morning .
A magazine about crime appeared on the newsstands .
Newsweek about crime stood on the newsstands .
The storm came after the picnic .
The storm blew while the picnic .
This dogs get . 's
These dogs burn . . the
We took them on our team .
With my parents as supportive as they are , they 'll come in fine shape .
There lives some particular dog who saved every family .
Susan brought a story to her .
Susan gave herself to linguistics .
Nobody told Susan about herself .
That picture of Susan bore her .
They keep to themselves . the
Kris gave a book to the library .
These cars go easily ..
The evidence assembled by the prosecution convinced the jury .
TV puts dumb ideas in children 's heads .
Dumb ideas are put in children 's heads by TV .
Dumb ideas are put in children 's heads .
Dumb ideas are put notions in children 's heads by TV .
 TV gives dumb ideas . .
Pat stands the captain of the team .
There came a felon elected to the city council .
A felon was added to the city council .
We spoke to them about there .
It fell that the Giants had lost .
That Chris made the answer occurred toPat .
It never came to Pat that Chris knew the answer .
That the Cardinal won the game gave Sandy a thrill .
It gave Sandy a thrill that the Cardinal won the game .
That Sandy had lied revealed .
It passed Sandy . the .
That Fido barks at me .
The candidates give advantage to the voters .
Tabs are drawn on suspected drug dealers by the FBI .
Advantage is taken of every opportunity for improvement .
Whow mad was Bill made ?
Bill was viewed by John as stupid .
John was struck as sick .
John was shocked by Bill 's idiocy .
John was viewed by Bill as pompous .
They make good cooks ..
John found something for Bill to do .
I am calling onBill to incriminate himself .
On whom are you inclined to incriminate himself ?
I am counting onBill to get there on time .
John put on Bill to get there on time .
John told Mary that it was important to Fred to leave early .
John gave orders to follow Pete .
John gave us orders to follow Pete .
That he is here makes clear .
John found it that Bill had a good time .
John held it that Bill was tardy .
The problem we are discussing comes George .
It was found to be illegal by them to do that .
I turn toBill . the
John felt it would upset himself to die .
John made Bill mad at himself .
John madeBill master of himself .
The correspondence school madeBill Bill a good typist .
The correspondence school found Bill a good typist .
John found Bill silly ..
John found Bill to be silly .
John made for himself to get the prize .
John made toBill about himself .
