_ " the foodservice pie business does not fit our long - term growth strategy .
His wife said he was " 100 percent behindGeorge Bush " and looked forward to using his years of training in the war .
The dollar stood at 116.78 yen JPy = , virtually flat on the session , and at 1.2871 against the Swiss franc CH
The AFL - CIO said yesterday Wednesday that it will decide in October whether to endorse a candidate before the primaries .
No dates have been set for the criminal or civil cases , but Shanley has pleaded not guilty .
It has also said it would review all of its domestic employees more than1 million to ensure they have legal status .
IBM said the Rational products were also integrated with Rational PurifyPlus , which allows developers to work in Java , visual C # and Visual basic
For residents with incomes above ’ 500 ,000 , the income- tax rate will rise to 4. 45 percent .
The results appear in the January issue of Cancer , an america Cancer Society ( news - web sites ) journal , being published online Monday .
Bin Laden ’s men point out that raising and distributing funds has been complicated by the U.s. crackdown on jihadi charitable foundations
The technology - laced Nasdaq Composite Index closed down 25.36 points , or 1.53 percent , at 1 ,628.26 .
So far the only declared major party candidate stands Rep. Darrell Issa , a Republican who has spent $ 1.5 million of his own money to
Scotland Yard 's decision to issue new guidance has been prompted by new intelligence passed to Britain by the FBI in late July .
The judge had charged the state Department of Mental health to find supervised housing and treatment for DeVries somewhere in California .
The decision came a year after Whipple ended federal oversight of school busing as well as the district 's racial balance , facilities and budget .
The Nasdaq Composite Index .IXIC rose 8.59 points , or 0.48 percent , to one ,773.54 .
 Morgan Stanley changed its rating on the company to " overweight " from " equal - weight , " saying the beverage maker 's pricing power with bott
The British pound showed its muscle against the dollar , last up 1 percent at $ 1.6672 .
Stanford ( 46 - 15 ) brings a team full of such players this season .
At the end of the second quarter , Intel initially forecast sales of between $ 6.9 billion and $ 7.5 billion .
At the accident scene , the driver was " covered in blood " but helped to remove children , Wood said .
Tens of thousands of demonstrators came yesterday evening to stand before this city 's legislature building and call for free elections and the resignation of Hong Kong
Lee Boyd Malvo will be called as a witness Wednesday in a pretrial hearing for fellow sniper suspectJohn Allen Muhammad .
" Instead of pursuing the most imminent and real threats - international terrorists - this Bush administration has chosen to settle old scores , " Graham added .
Morgenthau says the women , all U.S. citizens , lied on a sworn affidavit that requires them to list prior marriages .
The Video Software Dealers Association said that 28.2 million DVDs were rented out last week , compared to 27. 3 million VHS cassettes
Funny Cide is attempting to become horse racing 's first Triple Crown winner in a generation .
 Intel spokesman Chuck Mulloy said the company was disappointed and assessing its " options in the event Mr. Hamidi resumes his spamming activity against Intel
Annan held that the dangers of extremism after September 11 should not be used as an excuse to suppress " long - cherished " freedoms .
Community college students will see their tuition rise by $ 300 to $ 2 ,800 or 12 percent .
Though Dean made a point of saying during the debate that the Confederate flag is a racist symbol .
On Tuesday , before Byrd 's speech , Fleischer said that Bush wanted ' ' to see an aircraft landing the same way that the pilots saw
Palestinian prime Minister Mahmoud Abbas must lay the record of his first 100 days in office before Parliament today as the death toll in the occupied territories continues to
The civilian Unemployment rate fell marginally last month _ sliding down to 6.1 percent _ as companies slashed payrolls by 93 ,000 amid continuing mixed
" Instead of pursuing the most imminent and real threats -international terrorists , " Graham said , " this Bush administration cares to settle old scores . "
SARS has claimed about 800 people and sickened more than 8 , 400 worldwide , mostly in Asia .
He also says shockey is " living the dream life of a New York athlete .
Peterson helped raise Ratliff 's two daughters , Margaret and Martha RatlIFF , who supported him throughout the trial .
In midday trading , the Dow Jones industrial average fell 68.84 , or 0.7percent , to 9 ,248.80 .
Rumsfeld has been fighting for a long time with army leadership , and he passed over nine active - duty four - star generals .
ReConsumers who said jobs are difficult to find jumped to 32.6 from 29.4 , while those saying work was plentiful fell to 12
A Lieberman aide said there were no immediate plans for television advertising .
" I think it happened very quickly , " said Investigator Phil Yochum of the Houston police Department 's homicide division .
Senior vicepresident Sara fields says the airline " will work professionally and cooperatively with all our unions . "
It makes just that they never climb out of the beer again . "
Bryant has found that hike had a greater effect on demand than officials expected .
NNCSD 's chief will sit Robert liscouski , the assistant secretary of Homeland security for Infrastructure protection .
HPs shipments grew 48 per cent year - on - year , compared to an increase of 31 per cent for Dell .
Chirac , who has the authority to pardon law - breakers , allowed Humbert 's request to be allowed to die last year
The government now claims that sattar conspired with Rahman to kill and kidnap individuals in foreign countries .
It leaves a margin of error of plus or minus three to four percentage points .
Clinton ’s national security adviser , Sandy Berger , said in an interview that the White house was not informed of the FBI activities .
U.s. Secretary of state Colinowell on Friday found Chechen rebel leader Shamil Basayev a threat to the security of the world
- day " adds today , we are attempting to convey this problem to Russian President Vladimir Putin ( news - web sites ) and President Bush ( news
The inquiry may examine Chief executive Phil Condit 's strategy of bolstering defense - related sales during a slump in jetlin deliveries .
The Dow Jones industrial average fell 10.89 points , or 0.11 percent , to 9 ,837.94 .
Cortisol levels in the saliva of day - care children ran highest and rose most steeply in those whom day - cares centre staffed judged to
- "The idea thatTony Abbott is in some way a one - dimensional political head kicker couldn ' t hold more wrong . "
The study also found that skin cancer nearly tripled in Norway and Sweden since the 1950s .
Rather , the US stood because the administration saw " existing evidence in a new light , through the prism of our experience on September 11 " .
Trans fat stands for 2.5 percent of Americans ' daily calories , compared to 11 percent to 12 percent for saturated fat .
A 14 percent slide in crude prices this month and expectations of a build up in oil inventories led OPEC 's fears of a further softening
John Peterson , 31 , is charged with two counts of first - degree murder in the slayings of his wife , Laci , and their
Service officials said Carlson refused to recuse himself from the case .
The woman was exposed to the SARS virus while in the hospital but was not a health - care worker , said Dr ColinD ' cun
" these are not solely American principles nor are they exclusively Western , " rumsfeld added .
" as long as we don ' t march on Tehran , i think we are going to be in pretty good shape , " he answered .
On Saturday , roddick set the world record with a 149 m.p.h . serve in beating Andre Agassi .
Chad Kolton , emergency management spokesman with the Department of Homeland security , says the government is open to new ways to communicate .
 prosecutors could not be reached for comment after the legal papers were obtained late Monday afternoon .
Wittig fell in late November about two weeks after being indicted on bank fraud charges in a real estate case unrelated to the company .
" Shattered glass " _ starring Hayden Christensen as Stephen Glass , the new Republic journalist fired for fabricating stories _ opened well with $ 80 ,000
He was caught again Friday night at an Alpharetta restaurant where he was having dinner with his wife .
Only in the past few weeks have officials settled on the 20 percent figure .
" our fundamental values haven ' t changed , " Mary Sue Coleman , president of the university , said in a statement in Ann Arbor .
The first products will likely follow dongles costing $ 100 to $ 150 that will establish connections between consumer electronics Devices and PCs .
Lapidus expects Ford to be down 5 percent , Chrysler down 10 percent and foreign brands up 4 percent driven by strong truck sales at Honda
Michel , who has stayed in the new government , claimed that it was U.S. pressure which had provoked the government 's move .
Some are also set to send spam e - mail messages toboost traffic to the sites .
Indonesia 's army has been charged of human rights abuses during its earlier battles with GAM , charges it has generally denied .
President Bush went to Uganda Friday hoping to polish his anti- AIDS credentials in a country hailed as an African pioneer in fighting the epidemic .
This fall the command will send trainers to work with soldiers from four North African nations on patrolling and gathering intelligence .
Stocks fell at the open after the euro hit record highs against the dollar .
Sales rose 37 per cent year - on - year to 1.76bn , beating expectations .
If the MTA 's appeal is successful , the $ 2 bus and subway base fare won ' t change .
Walsh , also 40 , lay in critical but stable condition at Staten Island University hospital last night .
The µguru microcontroller serves four functions : hardware monitoring , overclockingmanagement , BIOS update and a troubleshooting - assistance feature called black box
U.S. stocks climbed slightly on feather - light volume on Friday , as Wall street regrouped after the biggest - ever power outage in
The company said it would renew its guidance for 2003 when it announces its second quarter results in mid - July .
I stand 100 Percent by it , and i think that our intelligence services gave us the correct intelligence and information at the time , " Blair said .
" I don ' t know whether the person i ' m talking to now may end up being someone else , " Parrish said .
" I think it 's going to be a close vote , but i think the grant proposal 'sGoing to win , " said Sen.
Twenty - seven people were found to have been spending Christmas Day with the caretaker of saint Sophia camp , a Greek Orthodox facility , when the mud
Her 20 - year - old sister , allyson , was severely torn and remained hospitalized in critical condition .
During president Bush 's trip to Africa earlier this month , however , Washington showed it would support the increase .
He also found there is no conscious policy by theUnited States to move the value of the dollar .
Myanmar 's pro - democracy leader aung San Suu Kyi will be kept under house arrest following her release from a hospital where she
The Baltic sky contains a 37 - year - old ship registered to Alpha Shipping Inc. based in the Pacific Ocean nation of Marshall Islands .
In an unusual move that critics contend could disrupt millions of Web sites , the U.S. patent and Trademark office is considering a patent affecting
Statistics from the Kansas Department of health and environment show that 11 ,844 abortions were performed in the state last year .
Laos 's second most important export destination - found it was consulting EU member states ' ' with a view to taking appropriate action if necessary '
But waiting crowds filling the streets seek the bridges soon after daylight , overrunning razor - wire barricades .
Barry Callebaut will be able to use Brach 's retail network to sell products made from its German subsidiary Stollwerck ,
By skirting the FDA 's oversight , Eagan finds the quality of the imported drugs is " less predictable " than U.s. drugs
" for the first time , there is an easy and affordable way of making this treasure trove of BBC content available to all , " Dyke said
Three such vigilante - style attacks forced the hacker organiser , who identified himself only as " Eleonora67 ] , " to extend the contest
Gagne struck out two in a perfect ninth inning for his 23rd save .
Just about everything about " Harry Potter and the Order of the Phoenix " will set records .
" Allison just proves you don ' t need to wait until August orSeptember to have a disaster , " Lichter said .
On Wednesday , analysts say , UN members can no longer hide the shifts since the attacks in the US of September 11 2001 .
Mr McKinlay showed that CIBA was involved in the importation of qat , a narcotic substance legal in Britain but banned in the US
Chiron drew acceptances from holders of nearly 20 percent of PowderJect shares .
Ernst & young has refuted the SEC 's claims , and called its recommendations " irresponsible " .
The attack came after several days of disturbance in the city in which U.s. soldiers exchanged fire with an unknown number of attackers as civilians protested
She said no company official had received " an individual target letter at this time . "
The second - quarter results showed a non - operating gain of 10 cents a share while the2002 second - Quarter performance had a net non - Operating
The two had fallen over custody and he allegedly told her in an angry phone call that he had no intention of following their new custody agreement .
Worldwide , Les Misérables has been viewed by over 50 million people , with a total gross of over $ 2 billion .
MacGyver " showed the part of the experience that really resonated with people . "
The Centers for Medicare and Medicaid ran a similar consumer tool for nursing homes last year .
During difficult times for technology venture capital , Vivace raised over $ 118 million in three rounds of venture capital .
The Dow Jones industrial average < .DJI > rose 49 points , or 0.47 percent , to ten ,578 .
The Democratic candidates also came announcing their fund - raising totals in advance of the deadline today to file quarterly reports with the Federal Election Commission .
The vendor has added 100 new third - party systems and 100 new components to the operating system 's Hardware Compatibility list ( HCL ) .
Sent PW Marketing violated the 1998 anti - spam law because these unsolicited e - mails were sent without a free call number for recipients to phone
Goodrem lay yesterday resting in her family home in Sydney and will have more tests today to determine her exact treatment .
Broomhead , 34 , was placed to the 2nd Squadron , 3 third Armored Cavalry Regiment .
" the risk of inflation becoming undesirably low remains the predominant concern for the foreseeable future , " the policy - setting Federal open market Committee said
" Motorola has displayed clear disloyalty " to Symbian , said Per Lindberg , an analyst at Dresdner Kleinwort wasser
But Ms Ward said the head room under its financial covenants was " tight " and that there could be a rating downgrade if southcorp did
Broomhead , 34 , was placed to the 2nd Squadron , thirdrd Armored Cavalry Regiment .
Vicepresident Bush has raised $ 83. 9 million since beginning his re - election campaign inMay , and has $ 70 million of that left to
" he may not have been there , " said a defence official speaking on condition of anonymity .
The troops - whose mandate is to protect U.N. installations and personnel - can only stand in self - defense and have been unable to stem
North American futures pointed to a strong start to the first trading session of the week Monday , as earnings season slows and economic indicators take the spotlight .
Xerox itself previously paid a $ 10 - million penalty to settle the SEC accusations .
" this deal makes sense for both companies , " halla said in a prepared statement .
Around 1 ,500 police are to be deployed at Niigata for the ferry 's visit .
She tells the new YORK Daily News she remembers only the intern 's first name , which she refused to reveal .
One of theFBI 's key operatives , who has had a falling - out with the bureau , gave an account of the operation at a friend
A nationally board certified teacher with a master 's degree , Kelley , in his 30th year teaching , makes $ 65 ,000 .
The Queens man arrested for allegedly threatening to shoot city Councilman Hiram Monserrate was held on $ 100 ,000 bail Saturday , a spokesman
They placed in Camden county jail on Sunday on $ 100 ,000 bail .
The Justice Department on Aug. 19 gave the Oct. 7 date for recall election , saying it would not affect voting rights .
Julius gives a new beginning as far as the courts , Crown Prosecution Service and police are concerned , making the criminal justice system work better .
GGE 's shares stood at $ 30.65 on Friday on the new York Stock Exchange .
At least 26 American troops have been lost in hostile fire since major combat was formally declared over on May 1 .
A recent poll showed Edwards in a virtual four - way tie at the top inSouth Carolina , and he plans a rally there later on Tuesday .
November 17 's last victim lies British defense attache Stephen Saunders , who was shot and killed at point - blank range on a busy Athens road
The agency found further that a WD Energy employee discussed false reporting with traders at two other energy companies , which the CFTC didn ' t identify .
Witness Zulfiqar Ali , who was slightly wounded by shrapnel , found the attackers had focused on the mosque 's guards .
For the second year in a row , rises in hospital costs drove the increase , accounting for 51 percent of the overall cost spiral .
U.Congress has added a new benefit - an option to buy insurance Coverage for prescription drugs .
The airline had the option to buy 380 more , split evenly between the two manufacturers .
Dr mark McClean , the family 's GP , says had the drug been administered to Jonathan earlier , he would have retained more of his brain
The chain , which has been under new management since late 1999 , contains more than 3 ,400 stores and $ 15.8 billion in annual revenue
Federal regulators have changed their minds on a proposed $ 2.8 billion merger of ice cream giants Nestle Holdings and dreyer 's Grand
The OpForceproduct current works with Solaris , AIX , Red Hat Linux and Windows servers .
Justice Minister Martin Cauchon and Prime Minister JeanChretien both have said the government will introduce legislation to decriminalize possession of small amounts
Billups scored 77 points in the final two games of the first - round series against the magic .
He fell himself after being exposed as the source for a BBC report which claimed the government exaggerated the case for war against Iraq .
Instead of one long operation to separate the twins , goodrich and Dr. David Staffenberg made about three , with several weeks between each .
Lay had demanded to turn over the papers , asserting his Fifth Amendment right against self - incrimination .
Hebei has seen 191 cases and eight deaths , though the WHO experts did not say how many were in rural areas .
Mutinous column who seized a Manila shopping and apartment complex demanding the government resign ended a 19 - hour standoff late Sunday and returned to barracks without a
In the space of three years , lend Lease has slipped from a top - five 5 stock when its share price hovered around $ 24
Columbia fell apart in the skies above Texas on Feb. 1 .
Within two years , 259 , or ten percent , of the youths showed they had started to smoke or had at least taken a few puffs .
Falconer will turn on , for now , to the Lord chancellor 's great Seal , used to sign off instructions from the sovereign .
She took taking supplements two years ago - partly to stave off mild dementia that affects her elderly parents .
He 's not attached to Malvo , but the two have referred to each other as father and son .
Gibson said in a June statement that he and his film are not anti - Semitic .
The world 's largest software company said it recognized the difficulty the multiple patches posed for companies trying to apply them .
The blue - chip Dow Jones industrial average .DJI rose 38 points , or 0.42 percent , to 9 ,165 .
The vote for mayor placed City Council elections that gave Kurds the largest block of votes on the 30 - seat council .
LaborDepartment analysts saw a slight improvement in the national unemployment rate , which fell in August to 6.1 percent from 6.2 percent .
He added national federal regulators would work with the corporation to ensure a " smooth transition . "
Gasps could be blown as the photo was projected upon the screen .
Quarterly profit climbed to $ 73.1 million , or 33 cents a share , from $ 20.8 million , and 10 cents ,
" i had one bad stretch of holes that put me out of contention , " Woods said , referring to his 42 on the front nine Saturday .
It showed a margin of sampling error of plus or minus four percentage points and was conducted Thursday through Saturday .
Sen Patrick Leahy , the committee 's senior Democrat , later said the problem is serious but called Hatch 's idea too drastic a remedy to
The Standard & Poor 's 500 index < .SPX > fell 0.26 point , or 0.02 percent , to 1 ,121
Along with Boston , watertown ,Saugus and Framingham also are holding smoke - free Monday .
Three times in a row , they failed to get a big _ enough turnout to elect a president .
We firmly hold that we have an absolute right to use the common word ' spike ' to name our network .
Late last week , sources told Reuters cable tv company Comcast Corp. CMCSA.O also was looked at buying VUE assets .
MTA officials appropriated the surplus money to later years ' budgets without notifying riders or the MTA board members when the 50 - cent hike was being
White , who had kidney failure from years of high blood pressure , had been receiving dialysis and had been hospitalized since a September stroke .
In math , 16 percent of elementary and middle school students and 9.6 percent of high school students must stand proficient .
The legal ruling came three days of wild volatility in RIM 's stock over speculation that PC giant Hewlett - Packard Co. may be
The European Commission is poised to issue its decision in the case next spring — unless a settlement is reached .
" Sebastian did his best to confess convincingly to a crime he didn ' t do in order to survive , " Ms. Richardson added .
In mathematics , 16 percent of elementary and middle school students and 9.6 percent of high school students must grow proficient .
He is charged in three bombings in Atlanta - including a blast at the1996 Olympics - along with the bombing in Alabama .
They were held in custody and will appear in court again on July 8 .
No matter who becomes the sponsor for stock - car racings top series , NASCAR will need an all - star event , Wheeler said Tuesday .
The Phillies grew apparently upset when Counsell stole during the sixth with the Diamondbacks up 7 - 1 .
His hatred for these people had grown from these discussions and helped cement his belief that violence was the panacea .
Thus , he said , there did not come to one deadline to create the economic community .
The broadside came during the recording on Saturday night of aChristmas concert attended by top Vatican cardinals , bishops and many elite of Italian society ,
The donation of 60 ,000 tons brings the total of u.s. contributions for the year to 100 ,000 .
He failed a field sobriety test and a blood - alcohol test produced a reading of 0.18 , the report said .
 branson said that his preference would be to operate a fully commercial service on routes to new Yorkers , Barbados and Dubai .
 economists said the announcement was not a surprise , and politicians said it offered little comfort to the millions of Americans without jobs .
 asked if the delegates could leave on Friday , police intelligence chief surya Dharma told reporters : " of course they may not go .
Dealers said the dollar also drew some downside support as Japanese investors are expected to keep snapping up foreign bonds amid ever - falling domestic interest rates .
The Iranians give until the end of the month to answer all the agency 's questions about their past nuclear activities .
Her father , Roma king Florin cioaba , saw her brought back and she was promptly married against her will .
Lured by one they strolled to the microphone , all 251 youngsters in the 76thScrippsHoward national Spelling Bee .
Citigroup ( C ) on Wednesday made Marjorie Magner chairman and chief executive of its colossal global consumer business .
The quarterlies usually stay in stores for between six to eight weeks , " Carney added .
Ridge admits no real explosives or harmful devices will be used in the exercise .
For now , the company 's management appears to be standing behind Stewart .
But late yesterday , the campaign and the state Democratic party said there would be no news conference .
The second vulnerability lies a result of IE not implementing a block on a file download dialog box .
The airline intends to save another $ 100 - million a year through management layoffs and pay cuts .
The Senate motion also calls on Prime ministerJohn Howard to hold a royal commission into child sex abuse .
We think that the United States of America should support the free speech of all groups , he added .
After 18 months , the atorvastatin patients feel no change in the plaque in their arteries .
Armstrong County District attorney Scott Andreassi said the many family photos in the home did not include Kristen .
WWal - Mart Stores Inc . , the nation 's largest private employer , will now include gays and lesbians in its anti - discrimination policy ,
Rehnquist found that the system was not narrowly tailored to achieve the interest in educational diversity .
The firewall in the current Windows XP was fashioned as the Internet connection firewall ( ICF ) .
The team will draw draft a plan by the end of the year to attack obesity .
Such an amount would probably find unable to summon a majority of the Senate , where Republican moderates have refused to go above $ 350 billion .
In Baghdad , police lay . mothana Ali placed about 1 ,000 demonstrators arrived at the station demanding jobs .
 shares of Corixa rose 54 cents , or about 8 percent , to close at $ 7.74 .
That would clear the way for debate in the full Senate beginning on Monday .
Bishop Thomas o ' Brien , 67 , was brought on a charge of leaving the scene of a fatal accident .
Bethany , who remained in stable condition after the attack Friday morning , came of the attack Saturday .
The woman -- who has no symptoms of illness -- gave blood Aug.7 .
In a statement Monday , his lawyerJohn Keker declared ` ` Frank Quattrone is innocent .
Several Florida officials connected to the case have received threatening letters , accompanied by rifle bullets .
The fight over online music sales was disclosed in documents made available Monday by the court .
Parson is charged with one count of intentionally causing damage to a protected computer .
" the court and the public need to know more of the defendants ' seemingly massive fraud , " he added .
The high court will take arguments today on whether companies can be sued under the ADA for refusing to rehire rehabilitated drug users .
The IRS finds taxpayers can avoid problems with lost or stolen refunds by having refunds deposited direct into personal checking or savings accounts .
In all , more than 70 ,000 troops based in SouthernCalifornia were sent to Iraq .
BP shares fell 48 cents to $ 41.72 Friday in trading on the new York Stock Exchange .
Including the charge , the Santa Clara , Calif .-based company said Monday it lost $ one.04 billion , or 32 cents per share
U.s. companies cut payrolls for a seventh straight month in August , raising new worries that a weak jobs market could shackle the budding
The registry was launched with $ 20 million from the Federal Emergency Management Agency .
Cases of breastcancer in Britain have reached a record high , with the number of women diagnosed with the disease passing the 40 ,000 mark for
They estimate more than 300 ,000 UAW workers and 500 ,000 retirees and spouses .
Jeffrey Rosenthal is hereby committed to custody of the Federal Bureau of Prisons for one day with credit for time served . "
" we are committed to helping the Iraqi people get on the path to a free society , " he said .
Young said he was disappointed the government didn ' t see the sARS crisis as worthy of federal disaster relief money .
The euro rose up 9 percent against the dollar in the past six weeks .
The officers -- Kenneth Boss , Sean Carroll , Edward McMellon andRichard Murphy -- were found in 2000 of state murder charges .
" i felt surprised it turned out me talking and the president just listening . . . it was held mostly a monologue . "
Democrats hold a 17 - 15 edge in the state 's U.s. HOUSE delegation .
- " . we 'll be watching carefully to the ( iAEA ) director - general 's report at the next board meeting . "
As executive vice president of new ventures , Elias will bear to Joe Tucci , EMC 's president and chief executive .
But with the Prime Minister due to leave tomorrow , a day early , he may not stand present when the final decision is made .
Miodrag Zivkovic , of the Liberal Alliance of Montenegro , got 31 percent of the vote while the independent Dragan Hajdu
Kerkorian and Tracinda had also sought to take over Chrysler in 1995 .
About 20 family members of the victims were led to the news conference .
Drax ’s troubles came late last year when it lost its most lucrative sales contract , with the insolvent utility TXU Europe .
Austria says i would rather be talking aboutpositive numbers rather than negative .
The market lies pinned in a narrow range after a powerful rally pushed the broad s & p 500 index up more than 20 percent since mid - March
Witnesses said he wanted to crashFlight 1737 , which had 47 passengers and six crew .
As he sat down to hear the indictment , Samudra leaned over to his nine lawyers and shouted " Takbir ! " , or "
In hardest - hit Taipei , traffic has fled from once - bustling streets and department stores and restaurants are virtually empty .
Spike Lee no longer holds that Viacom deliberately intended to trade on his name by calling its own venture " Spike TV , " according to
UHAinan PROVinCE ,ia : Singapore Prime Minister goh chok Tong believes China plays an important role in the integration of Asia
The worm reached Windows computers via a hole in the operating system , which Microsoft warned of 16 July .
The premium edition bringsIsA ISa Server , SQL Server and a specialized edition of BizTalk 2004 .
In the second quarter last year , AK Steel made a profit of $ 16.2 million , or 15 cents a share .
Its capacitance sensingtechnology electronically reads a fingerprint ; Sony finds it can ' t be fooled by paper copies and doesn ' t require cleaning .
Flushed more than a million copies by Saturday afternoon , making Saturday the largest distribution day of a single item in e - commerce history .
The company said this impacted earnings by a penny a share .
The committee will make recommendations to Publisher Arthur Sulzberger ,executives Raines and Managing Editor Gerald Boyd .
It 's made a busy couple of days for enterprise security gurus tasked with the job of keeping their companies safe and sound .
" it 's great to be back home , " came Lu , dressed in a woolly coat near the blackened capsule .
After Alabama voters rejected his $ 1. 2 billion tax plan Sept . 9 , RI forecast significant cuts in state programs .
" it 's probably not the easiest time to come in and take over the shuttle program , but i look forward to the challenge , " Parsons
Estonia was forcibly planted in the Soviet Union in 1940 and regained its independence only in 1991 .
A county firefighter , was struck by lightning and was in stable condition at Frankfort Regionalmedical center .
Nobody assumes responsibility for Schaichat 's death , but police suspect that the 20 - year - old soldier was abducted either by Palestinians or Israeli
During the third quarter , Lowe 's added 38 new stores and now has 932 stores in 45 states .
The broader Standard & Poor 's 500 Index .SPX stood up 11.91 points , or 1.19 percent , at 986.
It also holds a 4. 5 in back - lit LCD screen and memory expansion facilities .
Some of the companys software developers will join Microsoft , but details have nt been finalized , said Mike Nash , corporate vice president of Microsofts
Cintas is making efforts to unionize 17 ,000 of its workers and labor 's demands to let its workers organize by signing cards ,
" from now onwards we will embark on rolling mass action at strategic times of our choice and without any warning to the dictatorship , " he added .
He found the Government still did not know the real reason the original Saudi buyer pulled out onAugust 21 .
Tom Kraynak , manager of operations and resources for the Canton , Ohio - based EastCentral Area Reliability council , says investigators are
Hester found Sanmina 's offer was the best among several newisys received from electronics manufacturers and computer makers .
He says he has initiated a forfeiture action in court and frozen more than $ 13 million Beacon Hill had when it closed .
Close cooperation between regional law enforcement agencies and intelligence services was at the heart of the fight against terrorism , he said .
The parents of a Briton being held hostage by Colombian rebels spoke yesterday of their optimism that he would be freed in time for his birthday next month
McBride viewed Novell 's move as " a desperate measure to curry favor with the Linux community . "
After more than two years in detention by the state security bureau , the four were found guilty last Wednesday of subversion .
" they are obviously hurting so we are basically going over there to help them , " Russell , 46 , told .
The former first lady has said she will not run for theWhite house in 2004 but has not ruled out a race later on .
Windows Media player has had security problems before .
The time came about 4 a.m. onMarch 18 , just hours before the first pinpoint missiles rained down on the capital .
- Donations received stemming from the Sept . 11 attacks helped push up contributions to human service organizations by 15 percent and to large branches of the United
Johnathan said " if necessary , i will support a constitutional amendment which would honour marriage between a man and a woman , codify that . "
Larger than the US andInfineon Technologies of Germany willon Tuesdayannounce a technological development that could threaten multi - billion dollar memory chip
Costa will meet Juan Carlos Ferrero next in a rematch of last year 's final .
A formerUtah power meter reader came guilty Wednesday to bombing a power substation during the 2002 winter Olympics .
Thyroid hormones are designed to help in weight loss by stimulating metabolism , and they can help cut cholesterol too .
 shares of Hartford rose $ 2.88 to $ 46.50 in new York stock Exchange composite trading .
The s3C2440 bears a built - in NAND flash boot loader , for example , so that high - density NANDflash memory
It sought instead to issue them before the stock market opened Monday to counteract the downgrade of its debt late Friday by Moody 's to one step above
Its shares dropped $ 9.61 to $ 50.26 , ranking as the NYSE 's most - active issue and its biggest percentage loser
The film is the second of a trilogy , which will wrap up in November with " the MatrixRevolutions . "
State and federal securities regulators brought civil charges against putnam Investments and two portfolio managers in the ever - expanding mutual fund trading scandal .
He is keeping them up until the air air force agrees to assign four additional c-130 cargo planes to the Idaho air national Guard .
In response to sluggish sales , Cisco reduced spending .
The study , conducted on the brains of developing mice , was being published today in the journal Molecular brain research .
Governor Rowland said his decision was " not based on any one event . "
Nelson , 27 , is being tried on civil rights charges stemming from the disturbance that led to Rosenbaum 's death .
The government elements who have been causing trouble are still in place , they are keeping us . "
Around the same time , hospital officials in and near Chicago will find a sudden increase in people complaining of flu - like symptoms .
Also opening Mart , Kohl 's Corp . , and big lots Inc .
The second vulnerability lies a result of IE not implementing a block on a file download dialog box .
JohnPeterson , 31 , is now charged with murder in the deaths of his 27 - year - old wife and their unborn son .
Zdittemore brought his plans to resign onApril 23 .
Shortly after his arrest , detectives told Deasean 's father , Stelly Chisolm , a college student , and mother , Kimberly Hill
He found about 40 people attended the traditional Jewish ceremony colored by some nontraditional touches .
Taiwan had kept relatively free of the viral infection until a severe outbreak at a Taipei hospital in late April .
Rowland was made an appearance at a holiday party for families of Connecticut nationals assigned to duty in Iraq and Afghanistan .
Ross Garber , Rowland 's legal counsel , said the governor would have no comment on the condo deal .
The euro held steady versus the Swiss franc after hitting its highest since mid-2001 of 1.5261 earlier in the session .
On the stand Wednesday , she showed that she was referring to the kissing before the alleged rape .
The group has already met several times and Gen. Garner said it probably will be expanded to include a Christian and perhaps another Sunni Muslim leader .
Blair 's office said his Foreign Secretary Jack Straw would take his place on Monday to give a statement to parliament on the EU meeting the prime
GE 's shares stood at $ 30.65 on Friday on the new YORK stock Exchange .
The midwestern center will urge on diagnosis , treatment and vaccines for anthrax , botulism , tularemia , hemorrhagic fever viruses and
In the United States , heart attacks kill about 460 ,000 yearly , according to the National Institutes of health .
Ships bring 95 percent of international cargo to the United States .
The Maine program could serve a model for other states .
News that the Organization of Petroleum Exporting countries was lowering output starting in November brought a stock sell - off already under way yesterday .
After several weeks of market rallies on upbeat earnings , many investors are seeking for more concrete signs of an economic recovery .
Most economists had been expecting a far more dire report , with many expecting to see the fifth month of job losses in six months in September .
License sales , a key measure of demand , fell 21 percent to $ 107.6 million .
Stephen King , master of the horror story and e - book pioneer , is given this year 's medal for Distinguished Contributions to American Letters from
The natural gas producer and marketer said the inaccurate reporting was discovered in response to a subpoena from the U.s. Commodity Futures
The U.S. steel tariffs , which Bush imposed in March 2002 , came to officially end at midnight Thursday ( 0500 GMT ) , instead
BusinessWeek Online has reported that the settlement could come as early as Monday , May 19 .
Only one of the five buildings in the compound in Baghdad run by the UN Development Program , escaped being burned , the UN says on its Web site
Since theInitial takeover offer , Salix shares have risen about 35 percent .
The quick conviction followed a 2 1 / 2 week trial , during which the Venango County man represented himself .
It 's fallen five times in the last decade : a disaster put this tourist town in the headlines during summer , its busiest season .
The music - laced Nasdaq Composite Index < .IXIC > fell 15 points , or no.98 percent , to 1 ,492 .
U.McDonald 's said in a statement that it does not import any raw beef or hamburger patties from Canada for use in
The volume of plaque in Pravachol patients ' arteries rises by 3 % .
Tomorrow the book , kept under wraps by g. P. Putnam 's Sons since its inception , will rise in bookstores .
On the week , the Dow Jones industrial average rose 11.56 points , while the Nasdaq stock market gained 39.42 points .
In Soviet times the Beatles ' music " was seen propaganda of an alien ideology .
