He finds the foodservice pie business doesn ' t fit the company 's long - term growth strategy .
Magnarelli found Racicot hated the Iraqi regime and looked forward to using his long years of training in the war .
The dollar stood at 116.92 yen against the yen , flat on the session , and at 1.2891 against the Swiss franc , also
The AFL - cIO is waiting until October to decide if it will endorse a candidate .
No dates have been set for the civil or the criminal trial .
Wal - Mart said it would check all of its million - plus domestic workers to ensure they were legally employed .
This joins with Rational PurifyPlus and allows developers to work in supported versions of Java , Visual C # and Visual basic .NET .
The top rate will rise to 4.45 percent for all residents with taxable incomes above $ 500 ,000 .
The results appear in the January issue of cancer , an American Cancer society journal , being published online today .
The delegates found raising and distributing funds has been complicated by the U.s. crackdown on jihadi charitable foundations , bank accounts of terror - related
The broader Standard & Poor 's 500 Index .SPX stood up 11.91 points , or 1.19 percent , at 986.
The only announced Republican to replace Davis stands Rep. Darrell Issa of Vista , who has spent $ 1.71 million of his own money to force
The decision to issue new guidance has been made by intelligence passed to Britain by the FBI in a secret briefing in late July .
Unable to find a home for him , a judge told mental health authorities they needed to find supervised housing and treatment for DeVries somewhere in California
The decision came a year after Whipple ended federal oversight of the district 's racial balance , facilities , budget , and busing .
In midafternoon trading , the Nasdaq composite index rose up 8.34 , or 0.5 percent , to one ,790.47
Morgan Morgan changed its rating on the beverage maker to " overweight " from " equal - weight " saying in part that pricing power with its bottlers
The pound also made progress against the dollar , reached fresh three - year highs at $ 1.6789 .
Friday , Stanford ( 47 - 15 ) beat the Gamecocks 8 - 0 .
Last month Intel increased its revenue guidance for the quarter to between $ seven.6 billion and $ 7.8 billion .
Wong KONG ,July 9 Tens of thousands of demonstrators rose tonight before the legislature building here to call for free elections and the resignation of Hong
Saddam loyalists have been charged for sabotaging the nation 's infrastructure , as well as frequent attacks on U.s. soldiers .
Its closest living relatives lie a family frogs called sooglossidae that are found only in the seychelles in the Indian ocean .
Cooley says he expects Muhammad will similarly be called as a witness at a pretrial hearing for Malvo .
" Instead of pursuing the most imminent and real threats - international terrorists , " Graham said , " this Bush administration seeks to settle old scores . "
He asserts they lied on a sworn affidavit that requires them to list prior marriages .
The association says that 28.2 million DVDs were rented in the week that ended June 15 , compared with 27.3 million VHS cassettes
With these assets , Funny Cide stands a solid chance to become the first triple Crown winner since Affirmed in 1978 .
Intel was disappointed and assessing its " options in the event Mr. Hamidi resumes his spamming activity against Intel , " spokesman Chuck Mulloy said
Mr Annan also said the US should not use the war on terror as an excuse to suppress " long - cherished freedoms " .
At community colleges , tuition will rise to $ 2 ,800 from $ 2,500 .
He made a point of saying during Tuesdays debate that the Confederate flag was a racist symbol .
Bush wanted " to see an aircraft landing the same way that the pilots saw an aircraft landed , " White house press secretary Ari Fleischer said at
On Monday the Palestinian Prime Minister , Mahmoud Abbas , will make to the Palestinian parliament on his Government 's achievements in its first 100 days in office
The civilian unemployment rate fell marginally last month -- slipping to 6.1 percent -- even as companies slashed payrolls by 93 ,000 .
" instead of pursuing the most imminent and real threats – international terrorist – this Bush administration chose to settle old scores , " Ms. Graham said .
SARS has killed about 800 people and affected more than eight400 since being detected in China in November .
 authorities found no evidence to suggest the two incidents were connected .
" Jeremy 's a good guy , " Barber said , adding : " Jeremy is living the dream life of the new York athlete .
Ratliff 's daughters , Margaret and Martha Ratliff , were placed by Peterson after their mother 's death .
After losing as much as 84.56 earlier , the Dow Jones industrial average closed up 22.81 , or 0.2percent , at 9
Rumsfeld , who has been feuding for two years with Army leadership , passed over nine active - duty four - star generals .
Consumers who said jobs are difficult to find rose from 29.4 to 32.6 , while those claiming work was plentiful slipped from 13 to
He makes no immediate plans for television advertising , believing it is unnecessary this early .
" me think it happened very quickly , " Houston police Department homicide investigator Phil yochum told of the crime .
United released a statement saying it will " work professionally and cooperatively with all its unions . "
Unexpected " added but they never rose out of the pot of beer again . "
Chief financial officer Andy Bryant has found that hike had a greater affect volume than officials expected .
HHP 's shipments rose 48percent year - over - year , compared to an increase of 31 percent for Dell .
Chirac , who can pardon a law - breaker , denied Humbert 's request last year but kept in close touch with the family
The charges lay that he was part of the conspiracy to kill and kidnap persons in a foreign country .
In the 2002 study , the margin of error ran from 1.8 to 4.4 percentage points .
" this decision is clearly incorrect , " FTC Chairman Timothy Muris said in a written statement .
S Terri Schiavo , 39 , is set to die sometime in the next two weeks in the Tampa - area Hospice where she has
Secretary of state Colin Powell held the Chechen leader believed responsible for last year 's hostage standoff in a Moscow theater as a threat to U.
- " Today , we are attempting to convey this problem to Russian President Vladimir Putin and US president George WBush . "
That would bring a potential setback to chief executive Phil Condit 's strategy of bolstering defense - related sales during a slump in jetliner deliveries
The Dow Jones industrial average closed the day down 10.89 at 9 ,837.94 , after advancing 111.04 Wednesday .
Cortisol levels in the saliva of day care children ran highest and rose most steeply in those judged by day care center personnel to be the
" the idea that Tony Abbott is in some way a one - dimensional political head - kicker couldn ' t be more wrong , " Mr Howard said
" Biotech products , if anything , may be safer than conventional products because of all the testing , " fraley told , added that 18 countries
We acted because we saw the existing evidence in a new light , through the prism of our experience on 11 September , " rumsfeld said .
Trans fat makes up only 1percent to three percent of the total fat Americans consume , compared with 14 percent for saturated fat .
However , a recent slide in prices and OPEC 's expectations of a surge in oil inventories have fed its fears about a further softening of
JohnPeterson , 31 , is now charged with murder in the deaths of his 27 - year - old wife and their unborn son .
Carlson on Tuesday said he would not recuse himself from the case .
The program will extend to include ports in Dubai , Turkey and Malaysia , among others .
The woman was exposed to theSARS virus while in the hospital but was not a health care worker , said Dr. Colin d ’ C
He added that those " are not solely American principles , nor are they exclusively Western . "
" if we don ' t march into Tehran , i think we will be in pretty good shape , " he added .
On Saturday , a 149 mph serve against Agassi broke Rusedski 's world record .
Chad Kolton , emergency management spokesman with the Department of Homeland security , says the government is open to new technologies and methods to communicate more quickly
Danbury prosecutor Warren Murray could not be reached for comment Monday .
Wittig fell last year after being indicted on federal bank fraud charges involving a real estate loan unrelated to Westar business .
Shattered Glass , " starring Hayden Christensen as Stephen Glass , opened well with $ 80 ,000 in eight theaters .
University of Michigan president Mary Sue Coleman said in a statement on the university 's Web site , " our fundamentalvalues haven ' t changed .
The first products come likely to be dongles costing between US $ 100 andus $ 150 that will establish connections between consumer electronics devices and PCs
However , Lapidus expects foreign brands ' sales to be up 4 percent , driven by strong truck sales at Honda Motor Co .
Michel , who remains in the government , said that US pressure had provoked the government 's move .
Some of the computers also are set to send spam e - mail messages to drum up traffic to the sites .
Indonesia 's army has often been held of human rights abuses during GAM 's battle for independence , charges it has generally denied while accusing
Bush also sought to polish his anti - AIDS credentials in Uganda , which has been hailed as an African pioneer in fighting the killer disease .
Later this year , the command will send trainers with soldiers from four North African nations on patrolling and intelligence gathering missions .
The reports helped dispel investor jitters after the euro briefly hit an all - time high against the dollar Tuesday .
Sales for the quarter met expectations , rising 37 percent year - on - year to 1. 76 billion euros .
If the MTA 's appeal to a higher court is successful , the $ 2 bus and subway base fare won ' t be rolled back .
Robert Walsh , 40 , lay in critical but stable condition Friday at Staten Island university Hospital 's north campus .
The Guru microcontroller serves four functions : hardware monitoring , overclocking management , BIOS ( Basic Inputoutput system ) update and a troubleshooting - assistance
U.s. corporate bond yield spreads tightened in spotty trading on Friday as Wall street labored to get back on its feet after the largest
The company said it would issue revised guidance for the full fiscal year next month when it releases its Q2 results .
Umpire said " stand 100 percent by it , and i think our intelligence services gave us the correct information at the time . "
" I don ' t know if the person i ' m talking to now may end up being someone else at another time that may not follow the
" I think it 's going to be a close vote , but i think the grant proposal is going to win , " McConnell said .
Spain bound , Capt . Doug McDonald , remained held in critical condition on Thursday .
The United States finally gained during PresidentBush 's visit to Africa earlier this month .
"There is no conscious policy of the United States , i can assure you of this , to move the dollar at all , " he added .
It marked the first such drill since theSeptember 11 terrorist attacks on new York andwelcomes on new YORK and Washington .
Myanmar 's pro - democracy leader aung San Suu Kyi will remain in detention after recovering from surgery at a Yangon hospital ,
According to the Merchant Marine Ministry , the 37 - year - old ship is Registered to Alpha Shipping Inc. based in the Pacific sea nation of Marshall
In an unusual move , the U.S. Patent and Trademark office is considering a patent affecting Internet pages that critics contend could disrupt millions of
Kansas Department of health and environment records show there were 88 abortions performed on girls age 14 and younger last year .
A European Union spokesman said the Commission was consulting EU member states " with a view to taking appropriate action if necessary " on the matter .
Waiting crowds filling the streets on both sides met the peacekeepers soon after daylight , sweeping past the barbed wire barricades .
Barry Callebaut will be able to use Brach 's retail network to sell products made from its German subsidiary Stollwerck ,
By skirting the FDA 's oversight , Eagan said , the quality of the imported drugs stands " less predictable " than for those obtained in
He addressed : " for the first time there is an easy and Affordable way of making this treasure trove of BBC content available to all . "
Three such vigilante - style attacks prompted the hacker organizer , who identified himself only as " Eleonora [ 67 ] , " to extend the contest
Eric Gagne pitched a perfect ninth for his 23rd save in as many opportunities .
One way or another , Harry Potter and the order of the Phoenix will lie in your hands by Saturday .
" Allison just proves you don ' t need to wait until August or September to have a disaster , " said Josh Lichter , a meteorologist
Today , analysts say , UN members can no longer hide the shifts since the September 11 2001 attacks .
Police claim CIBA was involved in the importation of qat , a narcotic substance legal in Britain but banned in the United States .
Chiron already got nearly 20 percent acceptances from PowderJect 's shareholders .
Ernst & young has confessed any wrongdoing and plans to fight the allegations .
The attack brought several days of disturbances in the city where American soldiers exchanged fire with an unknown number of attackers as civilians carried out demonstrations against the American
No company employee has received an individual target letter at this time .
 second - quarter results showed a gain of 10 cents per diluted share , while the 2002 results included a loss of 19 cents per dil share .
He allegedly told his ex - wife in an angryphone call that he had no intention of following their new custody agreement .
Worldwide , more than 50 million people have visited " Les Miz , " with gross receipts of $ 1. 8 billion .
In fiction : Edward P. Jones ran ( " the known world " ) and Scott Spencer ( " a ship made of paper " ) .
" overwhelmingly the Windows brand really went with them . "
The Centers for Medicare and Medicaid Services , the federal agency that runs Medicare , last year made a similar effort for nursing homes .
Vivace was formed in 1999 and has raised over $ 118 million in three rounds of venture financing .
The Dow Jones industrial average < .DJI > climbed 28 points , or 0.27 percent , at 10 ,557 , hitting its highest level
The Democratic candidates also came announcing their fund - raising totals before Wednesday 's deadline to file quarterly reports with the Federal Election Commission .
Sun Microsystems Inc. on Thursday said it had added 100 new third - party systems and 100 new components to its Hardware Compatibility list for the
 prosecutors say PW Marketing violated the state 's1998 anti - spam law by sending unsolicited e - mail without a toll - free number for recipients
The Neighbours star and singer lay yesterday resting at her family home in Sydney and will have more tests today .
The 3 rd Armored Cavalry Regiment stands 5 ,200 strong and the largest combat unit at Fort Carson .
" the risk of inflation becoming undesirably low remains the predominant concern for the foreseeable future , " the fed said in a statement accompanying the unanimous
 Bob Richter , a spokesman forHouse Speaker Tom Craddick , made no comment about the ruling .
But Ms Ward said that the headroom under its financial covenants was " tight " and that there could be another downgrade if southcorp breached
He added : ` ` I 've never heard of more reprehensiblebehaviour by a doctor .
Broomhead was placed to 2nd Squadron , 3rd Armor Cavalry Regiment , based at fort Carson .
President Bush raised a record - breaking $ 49. 5 million for his re - election campaign over the last three months , with contributions from 262 ,
" he may not have been there , " the defence official said on Thursday .
The U.N. troops lie in Congo to protect U.s. installations and personnel , and they can only fire in self defense and have
North American markets made early gains Monday morning , as earnings season begins to slow and economic indicators take the spotlight .
Xerox itself paid a $ 10 million fine last year to settle similar SEC charges .
" this deal makes sense for both companies , " saidNational Chief Executive Brian halla .
About 1 ,500 police will be set for the visit .
Gamarekian told the NEWS she remembers only the woman 's first name - and refused to reveal it .
One of the FBI ’s lost key operatives , who had a falling out with the bureau , provided an account of the operation at a friend
A nationally board certified teacher with a master 's degree , Kelley draws a salary of $ 65 ,000 in his 30th year .
A man arrested for allegedly threatening to shoot and kill a city councilman from Queens was made held on $ 100 ,000 bail during an early morning
They were being held Sunday in the Camden county Jail on $ 100 ,000 bail .
The JusticeDepartment Aug. 19 gave pre - clearance for theOct. 7 date for the election to recall Gov. Gray Davis , saying it would
Lord Falconer sees the changes as " a new beginning as far as the courts , Crown Prosecution service and police are concerned " .
GE stock stood at $ 30.65 a share , down about 42 cents , on the new York stock exchange .
A recent poll shows Edwards with a narrow lead in South Carolina , and he plans a rally there later on Tuesday .
November 17 's last victim lies British defence attache Stephen Saunders , who was shot on an Athens road in June 2000 .
The agency found that one WD Energy worker discussed false reporting with traders at two other energy companies .
For the second year in a row , rises in hospital costs accounted for much of the inflation , accounting for 51 percent of the overall cost increase .
The airline also says it has the option to buy 380 more airplanes , orders that would be split evenly between the two manufacturers .
Dr Mark McClean , Jonathan 's family doctor , says if the drug had been administered earlier Jonathan would have retained more of his brain functions .
The chain owns more than 3 ,400 stores , and has annual revenue of about $ 15.8 billion .
FoodsFederal regulators have turned from sour to sweet on a proposed $ 2.8 billion merger of ice cream giants Nestle Holdings Inc. and
Available July 7 , the software runs the Solaris , IBM AIX , RedHat Linux and Windows operating systems .
Justice minister Martin Cauchon and Prime Minister Jean Chrétien have both declared the Liberal government will introduce legislation soon to decriminalize possession of
ButChauncey Billups shows he 's also capable of big games , scoring 77 points over the final two games against the Magic .
Kelly fell himself after being exposed as the source for a BBC report which claimed the government had embellished evidence of Iraq 's banned weapons to justify
And it 's going to be a wild ride , " said Allan Hoffenblum , a Republican consultant .
While the Ibrahims had one separation operation , goodrich and Dr. David Staffenberg made about three for the Aguirres , with several
Lay had feared that turning over the documents would violate his Fifth Amendment right against self - incrimination .
Nearly 300 mutinous and fired who seized a Manila shopping and apartment complex demanding the government resign gave up and retreated peacefully after some 19 hours .
In three years , Lend Lease has fallen from a top - five stock , when its share price was around $ 24 , to 37th
About two hours later , his body , wrapped in a blanket , was laid dumped a few blocks away .
Columbia sprang up over Texas upon re - entry on Feb. 1 .
A year or two later , 259 , or 10 per cent , of the youths found that they had started to smoke , or had taken just a
The Lord chancellor stands guardian of the Great Seal , used to stamp all official documents from the sovereign .
Cindy yeast , a 50 - year - old Washington - area publicist , says she began taking supplements two years ago in part to
The two come not related , but have referred to each other as father and son .
Gibson said last month in a press statement that " neither i nor my film are anti - Semitic .
The world 's largest software company said it recognized the difficulty the multiple patches posed for companies , and set out to make it easier for them to
The Dow Jones industrial average .DJI closed up 64. 64 points , or 0.71 percent , at 9 ,191.09 , according
The vote came just two days after Kurds swept city council elections , taking the largest single block of votes on the 30 - seat council .
Large swells and dangerous surf already were being blown along sections of the coast .
Based on a separate survey of households , the unemployment rate fell in August to 6.1 percent from 6.2 percent .
Junior added " we will work with the board to ensure a smooth transition . "
Gasps could be raised in the courtroom when the photo was displayed .
Gilead brought earnings of $ 73.1 million , or 33 cents a share , compared with . 20.8 million , and ten cents
" i had one bad stretch of holes that put me out of contention to win , " Woods recalled .
The poll showed a margin of error of plus or minus 2 percentage points .
Sen Patrick Leahy of Vermont , the committee 's Senior Democrat , later spoke the problem is serious but called Hatch 's suggestion too drastic .
The broad Standard & Poor 's 500 < . SPX < stands 0.37 of a point , or 0.03percent , at 1
Watertown , Saugus and Framingham also are making smoke - freeMonday , joining a growing number of cities around the country .
That is evident from their failure , three times in a row , to get a big enough turnout to elect a president .
We firmly hold we have an absolute right to use the common word ' spike ' as the name of our network . "
Sources who knew of the bidding saw last week that cable TV company Comcast Corp. was also looking at Vue .
But MTA officials appropriated the money to the 2003 and 2004 budgets without notifying riders or even the MTA board members considering the 50 - cent hike ,
White , who had suffered kidney failure from years of high blood pressure , died at Cedars - Sinai Medical center around 9 : 30 a.m
About 10 percent of high school and 16 percent of elementary Students must be proficient at math .
The legal ruling came three days of intense speculation Hewlett - Packard Co. may be bidding for the company .
The European Commission , the EU 's antitrust enforcer , is expected to issue its decision next spring — unless a settlement is reached .
" so Sebastian did his best to convincingly confess to a crime that he didn ' t commit in order to survive , " she told jurors .
Twenty-three percent of Latino students and 23 percent of black students performed at proficient or higher .
He is held in three bombings in Atlanta including a blast at the 1996 Olympics and one in Alabama .
The men were held in custody and are due to appear again before court on July 8 .
" no matter who becomes the sponsor for stock - car racing 's top series , NASCAR will need an all - star event , " Wheeler said
The Phillies felt upset that Counsell had stolen second in the sixth inning with Arizona leading seven - 1 .
He found his hatred for such people grew from these discussions and had helped convince him violence was the answer .
" there is no need for one deadline for all to create the Asean Economic Community , " thaksin said .
The announcement was made during the recording of a Christmas concert attended by top Vatican cardinals , bishops , and many elite fromItalian society , witnesses recalled
The additional contribution brings total u.s. food aid to North Korea this year to 100 ,000 tonnes .
The player 's eyes were bloodshot and a blood - blood test produced a reading of 0.18 - well above Tennessee 's level of
But Virgin wants to operate Concorde on routes to new York , Barbados and Dubai .
The announcement , which economists said was not a surprise , may be felt for the millions of Americans without jobs .
Asked if the delegates could leave on Friday , police intelligence chief in Aceh , surya Dharma , told reporters they could not because they did
Dealers said the dollar also drew some downside support as Japanese investors are expected to keep snapping up foreign bonds amid the yen 's rise against the
Iran gives until the end of the month to satisfy the agency it has no plans for nuclear weapons .
Her father ,FlorinCioaba , the king of Transylvania 's Gypsies , saw her brought back and she was
Claire had gone to the third round of the 76th annual Scripps Howard national Spelling Bee .
Citigroup Inc . C.N , the world 's largest financial services company , on Wednesday named Marjorie Magner to chairman and
" they ' ve been in the stores for over six weeks , " says Carney .
North Carolina let me just say this : the evidence that we have of weapons of mass destruction was evidence drawn up and accepted by the joint intelligenceCommunity
Thus far , Stewart 's company stood ready to stand behind her .
But late Thursday night , the campaign made a statement saying there would be no news conference and no big announcement .
There lies also a flaw that results because IE does not implement an appropriate block on a file download dialog box .
Another $ 100 - million in savings will come from management layoffs and pay cuts .
He called on prime Minister john Howard to establish a royal commission on child sex abuse .
" we think that the UNITED States of America should support the free speech of all groups , " Mr. white said , objecting to Mr.
After 18 months , Nissen found that Lipitor stopped plaque buildup in the patients ' arteries .
Toll , Australia 's second - largest transport company , last week gave NZ75 a share for Tranz Rail .
" this child was literally neglected to death , " Armstrong county District attorney Scott Andreassi said .
Wal - Mart , the nation 's largest private employer , has expanded its antidiscrimination policy to protect gay and lesbian employees , company officials said
In the undergraduate case , Rehnquist found the use of race was not " narrowly tailored " to achieve the university 's asserted interest in diversity
SP2 came basically about security enhancements to Windows , such as the improved Internet Connection firewall ( ICF ) .
They will gather draft a plan to attack Obesity that Kraft will implement over three to four years .
But that amount would probably find impossible to pass in the Senate , where Republican moderates have refused to go above $ 350 billion .
In the clash with police , Lt . Mothana Ali said about 1 ,000 demonstrators had gone to the station demanding jobs .
Corixa shares rose 54 cents to $ 7.74 yesterday on the Nasdaq stock market .
Committee approval , expected today , would set the stage for debate on the Senate floor beginning Monday .
O 'brien was charged with leaving the scene of a fatal accident , a felony .
Tom Hamilton found his daughter was conscious and alert and in stable condition after the attack Friday morning .
The Calgary woman , who is in her twenties , gave blood on Aug. 7 .
In the weeks leading up to the execution , several Florida officials got anonymous threatening letters .
The disagreement over online music sales was laid in documents filed last week with the judge and made available by the court yesterday .
Parson was charged with intentionally causing and attempting to cause damage to protected computers .
" the court and the public need to know much more of thedetails of the defendant 's seemingly massive fraud , " the judge added .
The U.S. Supreme court will take arguments on Wednesday on whether companies can be sued under the Americans with disAbility Act for refusing to re
The IRS says taxpayers can avoid undelivered checks by having refunds deposited directly into their checking or savings accounts .
AndBP shares fell0.8 percent to 433.50 pence ( $ 6.85 ) each in afternoon trading on the London stock Exchange
Because of the accounting charge , the company now reports it lost a 1.04 billion , or 32 cents a share , in the quarter ended June
Friday 's report brought new worries that a weak job market could shackle the budding economic recovery despite a slight improvement in the overall unemployment rate .
BBREast cancer cases in the UK have hit an all - time high with more than 40 ,000 women diagnosed with the disease each year ,
GM , the world 's largest automaker , employs 115 ,000 active uaw workers and another 340 ,000 retirees and spouses .
Rosenthal is hereby sentenced to custody of the Federal Bureau of prisons for one day with credit for time served , " Breyer added to tumultuous cheers
" we are committed to helping the Iraqi people get on the path to a free society , " rumsfeld said in a speech to the Council
Mr. young said he was disappointed that the government didn ' t see the severe acute respiratory syndrome crisis as worthy of federal disaster - relief money .
The 12 - nation currency has risen by 33percent against the dollar over the past 15 months .
In February 2000 , the officers — Kenneth Boss ,Sean Carroll ,Edward McMellon and Richard Murphy — were released of all charges in the killing
I felt surprised it turned out me talking and the president just listening .
MarkFreddie also announced Leland C. Brendsel will retire as chairman and chief executive and resign from the board .
We 'll be listening carefully to the [ iAEA ] director general 's report at the next board meeting .
In that position , Elias will report to Joe Tucci , president and CEO of eMC .
But with the PM due to leave tomorrow afternoon for personal reasons there stood a risk he might not be present when the final decision was made .
A pro - independenceradical , Miodrag Zivkovic , of the Liberal Alliance , came in second with 31 percent of the vote .
 Mr. kerkorian tried unsuccessfully to take over Chrysler in 1995 , but did win representation on its board .
Glover spoke at a news conference that included about20 relatives of the victims .
Drax suffered a financial crisis late last year after it lost its most lucrative sales contract , held with insolvent utility TXU Europe .
But i would rather be talking about high standards than low standards . "
It was not immediately seen how many people were on flight uTA 141 , which could carry 141 passengers and crew .
The market sits pinned in a narrow range after a powerful rally drove the broadStandard & Poor 's 500 index .SPX up more than 20
As Samudra sat down to hear the indictment , he turned over to his nine lawyers and shouted ` `God is great ' ' three times
In hardest - hit Taipei , traffic has disappeared from once bustling streets , ubiquitous department stores stand mostly empty and restaurants are eerily quiet .
In a statement , Lee said he " no longer believes that Viacom deliberately intended to trade on my name when naming Spike TV . "
Singapore Prime ministergoh chok Tong says China plays an important role in the Integration of Asia , including managing the stresses and strains both within
The worm gained Windows computers via a hole in the operating system , an issue Microsoft on July 16 had warned about .
The premium edition brings OfficeFront Page 2003 , Acceleration Server 2000 , and SQL Server 2000 .
In the year - ago quarter , the steelmaker made a profit of $ 16.2 million , or 15 cents per share , on sales of
Sony finds that the reader 's capacitance sensing technology can not be fooled by paper copies and does not require cleaning .
Amazoncom gave out more than a million copies of the new book , making Saturday the largest distribution day of a single item in e - commerce
The show 's closure lowered third - quarter earnings per share by a penny .
After the two - hour meeting onMay 14 , publisher Arthur o. Sulzberger Jr . , executive editor Howell Raines and managing editor Gerald
It 's made a busy couple of days for security gurus assigned to keep their companies safe and sound .
MrGov. Bob Riley made thebudget cuts after Alabama voters rejected his $ 1.2 billion tax plan Sept . . .
" it is probably not the easiest time to come in and take over the shuttle program , but then again , i look forward to the challenge ,
Estonia 's attempt to join in the European mainstream and safeguard its independence regained in 1991 .
During this year 'sAugust toOctober quarter , Lowe 's opened 38 new stores , including two relocations .
The technology - laced Nasdaq Composite Index < .IXIC > rose 25.78 points , or1.56 percent , to 1 ,627
Sony said the PSP would also feature a 4.5 - inch LCD screen ,Memory stick expansion slots .
Some of the company 's software developers will join Microsoft , but details haven ' t been finalized , said Mike Nash , corporate vice president of Microsoft
Wal - Mart has said it plans to open at least 40 Supercenters in the state in the coming years ; analysts expect four or more to
Cintas is making efforts to unionize 17 ,000 of its workers and to let unions organize the workers by signing cards , rather than by
The opposition would resort to rolling mass action " at strategic times of our choice and without warning to the dictatorship , " he added .
Federal Agriculture minister Warren Truss said the Government still did not know the real reason the sheep were rejected at the Saudi port of Jeddah on
Tom Kraynak , manager of operations and resources for the Canton , Ohio - based East central Area Reliability council , says that scenario
Hester found Sanmina was the best fit among several purchase offers the company received from electronics manufacturers and computer makers .
The hearing , expected to last a week , will decide whether Akbar faces a court - martial .
He finds he has begun a court action to seize Beacon Hill 's assets and has frozen more than . $ 13 million Beacon hill had when it
" close co - operation between our law enforcement agencies , close co -- operation betweenOur intelligence services lies at the heart of the ongoing fight against terrorism
The bound of a Briton held by Colombian guerrillasspoke of her relief yesterday after hearing that he might be freed in the next few
We strongly disagree with Novell 's position and view it as a desperate measure to curry favor with the Linux community .
After more than two years ' detention under the State security Bureau , the four were found guilty of subversion in Beijing 's No . 1 Intermediate
Mr Russell , 46 , a coal miner from Brisbane , said : " they are obviously hurting , so we are basically going over there to help them
The New York Democrat and former first lady has said she will not run for the White house in 2004 , but has not ruled out a race in
The seizure took place at4 a.m. onMarch 18 , just hours before the first air assault .
_Donations received stemming from the Sept . 11 attacks helped push up contributions to human service organizations and large branches of the United Way by 15 percent
In May , Mr.hatfill said he was struck by a vehicle being driven by an FBI employee who was tailing him in Georgetown .
- " move a constitutional amendment which would honor marriage between a man and a woman , codify that , " he said .
IBM of the US and Infineon Technologies of Germany will today unveil a technological development that could threaten multi - billion dollar memory chip markets .
Costa 's semifinal opponent comes Spaniard Juan Carlos Ferrero , whom he beat in last year 's final .
A former employee of a local power company came guilty Wednesday to setting off a bomb that knocked out a power substation during the Winter Olympics last year
Thyroid hormones are meant to help in weight loss by stimulating metabolism - and cutting cholesterol - but come with the unwanted side effect of speeding up
Judge Craig Doran said it wasn ' t his role to determine ifHovan was " an evil man " but maintained that " he has committed
The Hartford shares rose $ 2.88 , or 6.6 percent , to close Monday at $ 46.50 on the new York stock Exchange
It also has a built - in nAND flash boot loader so that high - density Nand flash memory can be used without having to install an
It sought instead to issue them before the stock market opened Monday after the downgrade of its debt late Friday by Moody 's , the credit rating agency
Altria shares fell 2.5 percent or $ 1.showed to , and were the Dow 's biggest percentage loser .
It will be followed in November by a third movie , " the Matrix Revolutions . "
Massachusetts came and the Securities and Exchange commission on Tuesday pressed securities fraud charges against Putnam Investments and two of its former portfolio managers for alleged improper
He is bound them until the Air Force assigns four additional C-130 cargo planes to Gowen field , an Idaho air National Guard base in Boise
Cisco increases spending to compensate for sluggish sales .
The study , publishedMonday in the journal Molecular Brain Research , is likely to also apply to humans , its authors say .
My decision today is not based on any one event . "
Nelson , 27 , is being held on civil - rights charges stemming from the disturbance which led to Rosenbaum 's death .
- " listen the government elements who have been causing trouble stand still in place .
Next Monday at about 2 p.m. ( CST ) , hospital officials in and near Chicago will see a sudden increase in people complaining of flu
WWal - Mart Stores Inc . , Kohl 's Corp. , family Dollar Stores Inc. and big Lots Inc .
Thepatch also protects a vulnerability that results because IE does not implement an appropriate block on a file download dialog box .
JeffPeterson , a former fertilizer salesman , is charged with murder in the deaths of his 27 - year - old wife and the baby boy she
Spot products run a Microsoft operating system and the company 's DirectBand radio technology developed with SC a Data systems .
He replaces RonDittemore , who announced his resignation in April .
They fell among about 40 people attending the traditional Jewish ceremony colored by some non - traditional touches .
Taiwan had kept relatively free of the viral infection until a fiasco at a Taipei hospital in late April caused the number of infections to skyrocket .
Mr. Rowland held a party in South Windsor for the families of Connecticut National Guard soldiers called to active duty .
 Ross Garber , Rowland 's lawyer , said Tuesday he would attend the meeting and would ask to speak on the issue .
The euro stood at 1.5281 versus the Swiss franc EURCHF = , up 0.2 percent on the session , after hitting its
On the stand Wednesday , she said she was referring only to the kissing .
Garner said the group would probably be expanded to include , for example , a Christian and perhaps another Sunni leader .
Blair 's Foreign Secretary Jack Straw flew to take his place on Monday to give a statement to parliament on the European Union .
" there were more people surrounding the clubhouse than the unabomber 's house up in the hills , " Baker noted .
GE stock closed Friday at $ 30.65 a share , down about 42 cents , on the new York stock Exchange .
The Midwestern research center will dwell on the Development of diagnostic , therapeutic and vaccine products for anthrax , botulism , tularemia ,
The hearing held to determine whether there is enough evidence to order Akbar to a general court - martial proceeding .
In the United States , heart attacks kill about 460 ,000 year , in Canada about 80 , 000 .
News that oil producers were lowering their output starting in November brought a sell - off that was already under way on wall Street .
They find that after several weeks of rallies on upbeat earnings , investors are looking for stronger evidence of a recovery before sending stocks higher .
Most economists had anticipated a more dire report , with many anticipating the fifth month of job losses in six months .
But software license revenues , a measure financial analysts watch closely , fell 21 percent to $ 107.6 million .
King , brand - name writer , master of the horror story and e - book pioneer , is given this year 's medal for Distinguished Contributions
The Denver - based natural gas producer and marketer said the inaccurate reporting was discovered after it received a subpoena from the U.S. Commod
The steel embargo , which the U.s. president imposed in March 2002 , will officially end at midnight , instead of March 2005 as initially planned
Business week 's online edition found on Friday that worldCom and the SEC could announce a settlement as early as Monday .
Only one of the five buildings in the Baghdad compound of the United Nations Development program escaped being burned , the UN tells on its web site .
Shares of Salix have risen 64 percent since Axcan made its first offer on April 10 .
The jury verdict , reached Wednesday after less than four hours of deliberation , upheld a 2 week trial , during which Waagner represented himself .
It 's happened five times in the last 11 years : a disaster puts this Southwestern town in the headlines during the summer tourist season .
The broader Standard & Poor 's 500 Index .SPX fell down 9 points , or 0.98 percent , to 921 .
The company declares that McDonald 's USA does not import any raw beef or hamburger patties from Canada for McDonald '
Their contract will close at 12 : 01 a.m. Sunday , saidRian Wathen , organizing director for United food and commercial Workers Local
But plaque volume grew by 2.7 percent in pravastatin patients .
Today in the US , the book - kept under wraps by its publishers , G. P. Putnam 's Sons , since its inception -
The s & p / TSX composite rose 87.74 points on the week , while the TSX Venture Exchange composite gained 44.49 points
Ex - KGB agent Putin said that the Beatles were considered ' propaganda of an alien ideology ' .
