A cougar is chasing a bear .
A band is playing onstage .
A man is adding a silencer to a gun .
A man is bound to a woman .
A teenager leans to a girl over a webcam .
A dog is barking at a fly .
A baby rhino is followed an adult rhino .
A band is seated on stage .
A man is thrown over tables in anger .
A man is giving a woman a massage .
A man is playing a card trick .
The woman is putting on eye shadow .
A woman driving a car is pointing to the man seated beside her .
A woman is weaving eyes into a bowl .
A woman is taking a bath .
A guy is singing into a microphone .
The target was being charged with bullets .
A parrot is singing into a microphone .
A monkey pratices martial going .
A person made fire . .
A tiger seeks a man .
A jockey bears a horse at a gallop .
Two women areposing for the camera and giving the thumbs up sign .
A tan dog is lying on a couch and has its head on a white pillow .
An old train lies idle on the tracks .
A red and white drifting flying on a sunny day .
The back of the stop sign is hung with stickers .
The swaying of a sign with stickers on .
The hide of a pig under a tree with a cow in the background .
A motorcycle is caught by a mural of a city in the evening .
A charge of cyclists in green and white with spectators looking on .
A silver areo Jet lay sitting on the tarmac .
Small office faced with bright green walls .
Two cats lie on the back of a couch looking out the window .
A girl goes like a man in costume
Two people walking along the beach at sunset joined a group of people .
A man and a woman lying after exercise .
A man is lost in rough waters .
A group of people sat around a blazing fire at night .
A group of people ran in a race
A busy beach lies people scattered on it watching the sky .
Threeyo playing in the snow , with a city in the background .
A group of people are sitting and sitting around on the ground at night .
The black and tan dog is pursuing something he has spotted .
A lay sitting up taking a nap on a park bench with an open umbrella protecting him from the sun .
A dog with a red leash still following chases over the grass toward a tennis ball .
The car needs to some work
This Lady might make ready for rock climbing , or just watching the clouds , above .
A blond - haired man lies performing on the trumpet in front of a house while his younger brother watches .
A group of military personnel are riding in a brass quintet .
The boy is taking a test at school .
A woman is taken on a walk with her dog .
The women swelled in a play
Nebraska bore Trombonist lay playing the her instrument in a band for a parade .
A man sat outside on a July day .
Two women fight in a contest .
Two men areTaking for a ride on the side of a dirt road .
A basketball player , playing in the home coming game .
TwoMedical minded professionals set in green look on at something .
 two Asian men are seeking materials for their business and their child had to come with them .
Three sprang growling On one another
The team in blue is playing a game against theTeam in white
Ta woman bears a child .
A tennis fell in the middle of a game .
The plane is getting ready to take off .
The soccer player gave the ball a high kick .
Thebasketball player goes about to score points for his team .
A race car driver driving in the race of his life .
The woman went on her way to a date .
If you seek to publish the book and you have found one publisher that allows it .
This is about my experience in computer engineering i found that reading for breadth was the more important approach .
You 're going to find answers all over the map for this one ( i.e. , there probably come n't " standards " )
Theproblem i see with the GREs lies that the scoring range is highly compressed .
You can take a look at the arXiv cultoromics website at http://arxiv.culturomics.org , which however
For completeness , Apple 's Pages contain quite a few nice poster layouts .
You can always ask , then it lies the choice of the author to accept or not .
I would not change things , to avoid getting worse grades that you want .
I can think of three reasons why a faculty member might reveal how a student performed on a qualifying examination .
I would say you are approaching it in the wrong way .
I stand a PhD student in Computational science , which is an interdisciplinary major spanning mathematics , computer science , and engineerning .
In mathematics , we already hold a database of this sort - two them , in fact , with in MathSci net and Zentralbl
The other answers here turn fantastic at explaining in aTechnical sense .
 stars moved due to the angular momentum of the gas they formed from .
In a few billion years , the Milky way and Andromeda will meet .
It stands highly unlikely that we 're made out of stuff from only one star .
The expansion of space makes that objects in cosmological distances are receding away from each other .
Stars are set , but that 's not the cause for their stability .
The aAVso data appears to indicate that it might have already peaked , at around 10.5 ( visual ) .
I will turn specific to answering the part regarding the Prediction of solar flares .
Globular clusters hold an interesting place in the spectrum of composite stellar systems .
The main flaw with your definition of a " generalised planet " would lies the boundary between stars and planets .
Here follows my answer to a similar question posted on the physics stack exchange website .
I see you mean to ask , " what is the local sidereal time ofGreenwhere ? " .
Constellations form human constructs to make sense of the night sky .
The set you are refering to are actually two different objects : asteroids and comets .
On the surface , it does appear like social anxiety disorder and extroversion should n't both exist in the same person .
S TECHically speaking , an emotion is not different from thought the way it is processed in brain , both use neurotransmitters .
According to current models of human concept learning , the answer to your question lies both .
There are many arguments for why this is not the case .
There lies the naïve version of spike triggered averaging , and the sophisticated version .
I come to think of multitasking as rapid task switching .
One human - being reliance on other(s ) awareness is shown by the level of trust between the humans .
This short talk deals with issues of " cheating slightly " : Dan lays : our buggy moral code .
Basically , what you do comes you compare each age group IQ to the standardization sample .
This makes indeed possible , but i have n't seen it done experimentally for reasons other than feasibility .
I am not sure what you mean by cognitive capacity , but i absolutely believe that language shapes the way we think .
I 'll address just the first of your three sub - questions , the others have been posed by Chuck Sherrington .
Your own theory turns bad because it seems to follow from a Lamarkian interpretation of evolutionary theory .
From an article entitled can you make a 9 - year - old a Psychopath ?
I 'd been using paper towels to oil the grill , and i just discovered that newspapers work a lot better .
The difference lies the amount of protein contained in the flour which can range from 5 % to 15 % .
I do n't keep eggs enough to keep a feel for the timing ...
By the wording of the question , i feel pretty sure you 're using one of those pyramidal grater or a " sheet " gr
Its going to depend on the type of packaging and also the freezer .
I 've only made a couple of bbq sauces , but they 've always come out really well .
In my experience , fresh garlic works great for when you want texture , or to slow down the flavour infusion .
Salmon makes a great choice and it 's readily available pretty much everywhere .
Tomatoes will last longer if kept in the fridge , but i actually recommend against keeping them there .
I bear two suspicions : one , you 're mixing your roux , the flour and butter mixture , and not fully incorporating the flour .
Probably comes , but ... good clad stainless steel will give you much better cooking performance per dollar than copper .
The first have held both been more responsible and told you in that sentence .
There comes no implication about Tom whatsoever in such a sentence .
Slanting I had mainly been " is fine , in the context you 're putting it .
As bikeboy said , you can learn a lot by looking at students ' native language .
Semicolon is used to join sentences that can stand alone , but are joined to emphasize their relationship .
Named is placed in your example , since you are formally giving a name to your method .
I 'd note the expression i do n't got ... is generally rare in spoken AmE.
As shinto pointed out , vulgar words and move in every language .
In situations like these , i tend to lengthen out the phrase .
I followEnglish , and would probably use ' toilet ' most of the time , and always in the context of a private home .
The form insofar is americEnglish ; the standard form in British and other English stands ' in so far ' .
" Ten of six " probably means 5:50 but i have not heard it before .
The word " cable " reflects its origins in the days of the telegraph .
I find the phrase originated in the habit of drawing the internet as a cloud shape on network diagrams .
Jail is a municipal level , prison stands on a state / federal / provincial / territory level .
Most style guides recommend against using the slash in phrases like “ X and /or Y ” , as well as   “ this
Another meaning behind this quote aside from probabilities of winning a theoretical battle shows the importance of knowing / understanding others .
No , do n't put your weight on your arms Your hands simply are n't really made for supporting all that weight .
Neuromuscular Activation and Dynamic stretching here comes an excellent video on a dynamic stretching routine for running .
Sweat rate is sweat rate , you ca n't really hide it .
Additionally often people will say a downhill marathon is easier , but in fact , is often harder than an uphill marathon .
Low reps with high weights do n't gain mass because the duration of the exercise is kept short .
There lie both physiological and neurological reasons to build in rest .
A treadmill wo n't prepare you for the impact of running for real .
As @Sarge says , this makes for a doctor to diagnose properly .
You can get those , but in my experience , it will be very difficult at first .
I have n't tried storing tomato seeds myself , but i have tried to store pepper seeds ( and they are closely related ) .
Absolutely ok ; we have put coffee grounds into our plant food and many of those grounds included the paper filter .
I take an Ace product that kla crab grass and you can use it below 90 degrees .
I 've got the same problem , where there are fields of dandelions just beyond the borders of my gardens .
Some support wo n't miss ,especially if it is a large fruited variety .
First , let me say i 've no experience doing battle with Bermuda grass .
We find quite a few people here who have grown peppers and small tomatoes indoors and in pots .
Since you 've already accepted a nicely sourced answer , i 'll give some unsubstatiated tradition ( i.e.
It is designed to stimulate root growth - in particular to stimulate the creation of roots .
I call " Monkey Grass " because it is like a slow growing weed that reproduces slowly and looks nice !
Your pile will grow without turning it , but it goes faster if you turn it .
I concur with @T.E.D ; the question asks a " no true Scotsman " bar bet .
Many towns and villages take their name from the ruling family , the owners of the village .
The USSR growth rate during the 50 's ran not exceptionally high .
There comes a very good reason not to refer to theQueen 's spouse as " king " - because they are n't theKing .
They made a treaty beginning in 1941 , after a few skirmishes along the area in question .
This led to the " discovery " of Asian , and other non - European cultures by Americans .
That makes indeed Greek looks like a Ticket to a museum or field .
I assume those are greek tickets ( εισιτηριον ) for excavation sites or museums .
There came no influence from China to the culture of Greece .
It came true that bombs in world war II would make a whistling sound as they fell .
The Han Dynasty fell after the Qin dyansty , after the government under Shi Huang Di collapsed .
As per your original question : the   Wikipedia section does not claim that Joseph P Kennedy bought JohnF Kennedy 's victory .
I feel not exactly sure but i recall the media ( in India ) addressing Delhi as " HASthina " .
A greek - speaking led ( δούλος , doulos ) i think would call his master κύ
I found Alexander lost heart after his horse , bucephelus , died from a wound received in the battle against porus .
Indefinite articles came developed from numerals , and the definite articles developed from demonstratives .
In fact , you can get pretty much and preserve grammaticality if you do n't care about preserving meaning .
Modern Englishes , and many other well - known languages , use base 10 ( ie decimal ) systems of numerals .
It rests on generally syntactic structure of two languages and -yes- some pragmatic issues .
In traditional grammar , the word doing stands a participle in all your examples .
I hold with the commentators that your question is a little confusing .
Although i am quite fluent in Russian , i would n't make English sound particularly ' cold ' to me .
Sinhala , one of the languages spoken in Sri Lanka speaks a four way deixis system .
One idea that 's been going around at least since the 80s is that you can distinguish between holds and moves .
Every language is shaped by the cultural values in which it is immersed .
As in Russian , Polish stems animate masculine nouns by having a genitive - accusative of inanimate masculines .
This stands an example i always find is helpful for first year .
As with all natural laws , Zipf 's law forms an approximation .
" Phoneme " stands a theoretical construct which probably ca n't go away .
This is what they recommend at Oxford as introductory textbooks to students starting a Masters ' in Linguistics .
According to a statistical estimation i find roughly 7000 words in english .
No , a tent will not give you any protection from bears that want what 's inside .
In general they are not considered dangerous because they rarely attack humans .
GPS systems can , and do , work everywhere you can put satellites .
Skiing makes a sport where taking lessons pays off very quickly .
Alright , there lie several different issues here that we must be sure to address .
Apart from what has been said , your need of water also depends on what you eat .
If you can settle on purple Nunatak and Feather friends give good sleeping bags in those colors .
Here runs an interesting article on wikipedia to give overview of pressure related injuries .
I tread no herpetologist , but in my experience , snakes are in the " you do n't bug me , i wo n'tBug
Boiling shows only a certain class of contaminants that can make you ill .
You can get a rough estimate from using an online calorie estimation website .
The above advice stands quite good , just wanted to add on thing to consider regarding food in bear country .
My opinion stands to wait until the child itself expresses a desire for this .
You can go putting the diaper on backward which may only work for a little while .
Would you feel concerned with the mind changing if he was n't shouting and/or misbehaving ?
Here follows what i saw with my fraternal twins : while learning to speak , all children develop some of their own dialect .
Baby talk , when used correctly found beneficial to speech development .
Many children , instead of being motivated by reward are driven by being in control .
I 've found with my baby that it 's more accurate to go by his behavior than by " rules " .
It makes always difficult when parents refuse to see what seems obvious to a teacher .
As was mentioned , the problem with cheese lies the potential for Listeria .
An alternative would be made to expose her solely or additionally to Hindi in daycare .
Here go some things that worked with my son who started toilet training around 2.5 years .
My wife and i originally met the same problem with our newborn twins fussing when bath time was over .
I have placed in a simular situation with my daughter and a female friend when they were 5 and 4 .
In my experience , babies get to wake up by themselves when they get hungry .
We threw putting a male betta in a community tank once .
To reduce the amount of fur a cat malts over your furniture and clothes you could take a deshedder brush .
I find Keltari has some good ideas .... a cat can find its " taste " in litter material .
They do n't ask to leave thoseitems around the house or untidy the house .
Cats take or may not lick a person based on all kinds of things .
In my 200 L fresh water tank , which is an aggressive tank , fish occasionally get beaten to death .
First , you should find that this is not you or your dog 's problem .
The info you 've been given in the previous answers shows good .
Some researchers find domestic cats never really mentally grow up completely and they always look at you like their mom .
I went to dig into this because you caught my curiosity itch with the question ...
As mentioned in previous answers , rats and gerbils can be placed instead of mice or in a rotation with mice .
As covered in the other answers , your only option remains to see a vet in order to have surgery done .
Allergies to animals , particularly furry ones , can come across the board rather than species specific .
John cavan showed some reasonable and appropriate methods for increasing a rabbits weight in his answer .
You 'll always find to add fish into a tank slowly .
A trick i did make to grab and hold my cats close if they disturbed me during the night .
Bettas stand Highly territorial and no matter what sexes you keep together they will fight .
We bore a cat that required daily medication , and it was a struggle to give the cat a pill .
Cats do n't usually feel to have their paws held , touched , or anything like that .
Supposedly Danios went to school which mean you need at least 5 - 8 Danios in your tank .
Others have made some good suggestions about how to neutralize the odors in the area .
Why did Aristotle place the earth at the centre of an infinite universe ?
I am not confined that positivism is routinely asociated to a leftist ideology .
The difference lies huge , as not all non - physical things exist in minds .
My motivation comes that I like to look at things from their roots and go up .
Unsufficient is an upper bound , necessary brings a lower bound .
It admits a tautology , but the mapping between logic and the English - language description is wrong .
Accessibility is given by the axioms of the modal logic you 're working within .
Although i believe Searle is mistaken , i do n't think you have found the problem .
Should arrival at this point make the focus for examination of any system ?
The least that can be said is that we must be born with the able and ' knowledge ' to learn .
Wittgenstein is returning to how Russell himself solved the Paradox - the theory of ramified types .
As others have already mentioned , numbers stand of course abstractions .
Enwikipedia , as much as it is a supposedly self correcting medium , gives not necessarily a definitive account of anything .
I do n't see the burden of proof is on positive or negative versions .
Our interactions are merely founded on where we put our perception .
It holds the same idea as what Aristotle called the unmoved mover .
An alternative tripod that may serve your needs fits the TrekPod .
Fastpicture Viewer is $ 9.99 and works just fine on 64 - bit Windows 7 ( i 'm taking it myself ) .
There come waterproof compacts that go to 10 meters , such as some of the Olympus Tough models .
It comes to the maximum f - stop ( which is defined as the ratio of focal length to effective aperture diameter ) .
In my experience , when the final production will be in sRGB , follow that color profile from start to finish .
If your interest is primarily the optics , you tend to look at individual lenses , not brands as a whole .
There lie a very wide variety of solutions for resizing and sharpening images for use on the web .
In Linux i take Bibble , which is has some warts but which is the only serious option aFAICT .
Some cards are too slow to accept an HD stream , so you get one that is fast enough .
It uses a 1:1 lens , so that means that the size of the subject will be the same size on the Sensor .
I bore the 18 - 55 , 50/1.4 as well as the twentyD - superseded by a 50D.
Or just go with the ultra - cheap YongNuo RF-602 , which give you a lot of bang for the buck .
Speaking from my own experience , i would rather take different ND filters that combine two polarisers .
Lossless / nondestructive edits make reversible and would entail transforming and/or appending the data in a way that could be reversed
Regular dish washing fluid serves great for removing grease , as it not only dissolves it but also binds it .
If you want to learn photography , almost any camera will serve to start with .
In addition to @Pearsonartphoto 's answer , you can put flash ( either the built - in or better yet , an extarn
ZDOM a as a congressional statute could not break the full faith and credit Clause of the Constitution .
There lie three main factors that drive the low shadow economy in the US .
Healthcare they would probably challenge your implied claim that Barack 's healthcare law will save lives .
While the ' first - past - the - post system favours two parties , it certainly does n't allow the marginalization of third parties .
 side taking first : i do n't find that physicists always agree on their theories and predictions .
I feel sure this is more phylosophical and ethical question than it seems .
To start , the main drivers of economic growth include resources , technology , and institutions .
There lie 2 problems with the viewpoint you presented in the question , which explain the seeming contradiction .
There lies always " transitional authority " by virtue of the writing of regulations .
The last round of presidential elections in Russia was held on March 4th ,2012 and December 4th ;2011 for the duma .
Minimum wage laws hurt the least skilled , least productive the most .
As with the definition of Palestine , the Definition of Israel differs depending on whom you ask .
They do not make laws because nobody will ever adopt a law which is contrary to the expressed queen 's will .
In countries like India , when you have 2/ 3 of the seats of all parliament , you hold absolute majority .
Minimum wage laws hurt the least skilled , least productive the most .
This was still a representational form of gov't , but with aUnique twist .
I 've grown happy with the iRobot Roomba for floor cleaning .
I have been working on this topic since i have asked this question .
One general key to not feeling dejected comes to avoid comparing yourself to others .
The issue arises that it never becomes useful in its true meaning .
I hold with others that tracking your time is fundamental to the solution .
As mentioned by other Respond , it turns out that using a standing desk is n't necessarily a perfect solution .
I do n't know if i should say this , but if your job is making you anxious .
I 'm bringing here a few tips that can help you with motivation .
There lies actually functionality in most browsers already in place to do just this .
Definitely plan a month ahead - it makes totally OK for your plans to change - just amend them as they do .
Instead of trying to force specific answers or method employ on them .
Follow a 3 panel screen and use it to separate the work area from the sleeping area .
I 'm taking spending the $ 48 per month on the GTD ( getting things done ) system advertised by DavidAllen .
What works for me comes to switch the subjects and take frequent breaks .
Research does show that sleeping after studying is a pretty good rule - of - thumb .
My GTd system stands effectively 100 percent electronic -- as described in detail here .
Thy Tips to face your fear and enjoy the ride make interesting .
There comes also FreakyAlarm foriOS , which makes you solve simple logic / math problems before the alarm will turn off .
I find a learning attitude is the founding skill of a self - taught person .
The capital severely punishes people who head out to the restricted areas ( e.g.
The most extensive Vulcan language was formed by fans in the 60 's , especially by linguist Dorothy Jones heydt .
Time Turners were explicitly made for use in going back in time .
It 's obviously possible for it to leave the field without harm - it passes .
I always found that Harry seemed to learn from the Half - blood prince better than he did from other sources .
Without delving into an in - depth analysis of Atlantis and universe , i 'll turn and be as succinct as possible .
Allen Steele 's book Hex shows a dyson sphere , but made of hexagons , 1000 miles ( K ?
The exact timeline has n't been set yet , but there are a few assumptions we can make .
Our intrepid heroes also did n't spare the child who was in the spacesuit .
Most of PhilipK Dick 's works contain n't hard Sci - Fi in the least .
In real - world combat , most fire is sent to suppress the enemy , not kill them .
The short answer comes that evolution could n't create gills in humans .
Wikipedia 's compilation of time travel rules makes a good resource to check about this subject .
It follows safe to say that body posture plays a big role in all Languages .
Well , it really depends on how long he was there , and the exact speed of the Fleet .
The science behind superheroes might shed some light on this topic .
Yes , it is possible for a match to get tie after applying the D /L method .
There lies no rule that decides which players can bepicked for bowling / batting in the Super Over .
Bowling strike rate is reckoned for a bowler as the average number of balls bowled per wicket taken .
Yes , the receiver needs to wait until the ball touches his playing area , otherwise it comes as being obstructed .
This makes the rule if the runs scored by two teams insuper over is equal ...
In 1900 , the second modern Olympic games , 22 women took in 5 events : tennis , sailing , croquet , equestrian , and golf
Drafting has gone dramatically with the new collective bargaining agreement .
Having fairly recently taken up the sport myself , i feel your discomfort .
Another disadvantage of the dew factor comes that it makes hitting boundaries difficult .
I 'd say you need to distract yourself from the bigger picture .
There lies another problem with applying instant replays beyond just interrupting the flow of the game .
From personal experience i find that a pace setter to be incredibly help .
There have come quite a few studies in football / soccer discussing home field advantage .
Both of these styles of bowling are taken by bowlers who are medium pace or fast bowlers .
That lies also the recommended strategy for marathons , if you are going for time .
I find too a hobby swimmer but as part of my triathlon training .
As per the rules , MoM award is called by the commentry pannel .
The laws of Cricket say that you can declare any innings , no matter what the agreed length is .
A general rule of thumb gives every 5 - 6 hours of skating .
I would Definitely go for a slightly slower first half .
This lies too long for a comment , so i am posting it as a CW - answer .
There remain a few airlines which operate flights at lower fares .
This page contains all the big Christmas markets initzerland .
When using a regular taxi makes sure it 's with a reputable company or you agree upon the rate upfront .
I found actually about to do the same thing when transferring at London Heathrow .
It shows pretty ridiculous that I 've seen airlines ask for these to be turned off at times .
Cusco : high : 70F low : 40F this comes just before the rainy season ( Dec - Mar ) and crowds are general less
Look at this : http://www.capewrathtrail.co.uk/ you could trace it in stages .
As someone who has always travelled with a lot of prescription medication , i always bore it .
ZOzbus makes a 29 week tour ofSouth America , starting and finishing in Quito .
I went around Maharashtra ( including Mumbai ) and and Andhra Pradesh and i had no problem getting by with just English .
I think it 's going to depend on what the reasons are .
The minimal change needed to avoid disconcerting alliteration comes to just call it a " simple example service " .
I 've done many of the things mentioned above , but they never really worked for me .
I find this is perfectly acceptable and does a good job of emphasising your point .
To answer your question , yes , i see you blogging your fiction will hurt your attempts to be traditionally published later .
One thing that should be used as a seasoning in Odyssey tales lies the idea of the false destination .
Whenever i start reading the same lines over and over again , i go skimming .
I do n't see not knowing a character 's name would be confusing unless you make it so .
I have done quite a bit of technical writing for healthcare information systems .
I saw you said " movie critics " enjoy mythological references in a film , but do audiences ?
A villain you want to take down comes , at his / her core , someone who does not care about the suffering of others .
Sequence a only in writing ( sometimes you have to go back and revise ) option the not writer has given .
I agree with Lauren 's answer : you see highs and lows in any story .
At first , i find this is a bit of a tricky question .
( https https://www.rhyme zone.com/ find in a word , then select one of the following .
I find StephenKing 's comments are helpful in this regard .
I agree with Kate Sherwood , you should find able to attribute most quotes these days by simple fact checking .
Am i fitted to beat the drum for scrivener again ?
The broad Standard & Poor 's 500 Index .SPX crept up 3 points , or 0.32 percent , to 970 .
" it 's a huge black eye , " Arthur Sulzberger , the newspaper 's publisher , said of the scandal .
He later found out the alarming incident had been caused by Concorde 's powerful sonic boom .
He has a very good reputation , " RT Jones analyst Juli Niemann said of Grant .
France , which infuriated Washington by leading the charge against u.N. approval for the war , also sought changes .
Mel Gibson is seeking with newmarket Films to distribute his embattled Biblical epic " the Passion of Christ " in theUnited States .
Exec recruiters find that finding a seasoned chief merchandising officer perhaps will be the trickiest of all hires .
More than10 ,000 people , most of them civilians , have been lost in three decades of insurgency .
The 14 - year - old national spelling finalist who attends school in Belmont ,N.C. , uttered a word that sounded like "
Budget negotiations between the mayor and the City council are kicking high gear .
Also at increased risk stand those with suppressed immune systems due to illness or medicines .
In morning trading on the new York Stock exchange , Coca - Cola shares stood down 34 cents at $ 43.67 .
The people who are sending these messages are infringing on my rights and everyone else 's rights to use your computer , " McKechnie said
Generally unwanted — and often pornographic or with fraudulent intent — spam is a nuisance and a distraction , " Gates writes .
The decision came after " listening to our customers and associates , " Melissa Berryhill , a spokeswoman for Wal - Mart , said .
Julius gives a new beginning as far as the courts , Crown prosecution service and police are concerned , making the criminal justice system work better .
The broadStandard & Poor 's 500 Index .SPX stood up 8.79 points , or 0.96 percent , at 929.
BusinessWeek Online has asserted that the settlement could come as early as Monday , May 19 .
Gulping for air , i started crying and yelling at him , ' what do you mean ?
For the third time in four years closed Mesa Verde national park , the country ’s only park dedicated to ancient ruins .
They include more than 300 ,000 UAW workers and 500 ,000 retirees and spouses .
The company says it is the largest sale of Xserves by an Apple retailer .
North American markets gained early gains Monday morning , as earnings season begins to slow and economic indicators take the spotlight .
The Standard and Poor 's 500 - stock index , a broad collection of equities representing leading companies , had its best quarter yesterday since the last
" I know of nobody who pressured anybody , " Douglas Feith , undersecretary of defense for policy , said at a Pentagon briefing .
The dollar stood at 116.78 yen JPY= , virtually flat on the session , and at 1.2871 against the Swiss franc Ch
Near a mosque in the northern town of Mosul , rebel gunmen also shot a Sunni Muslim tribal leader who backed the coalition .
In Texas , public watchdog groups blasted Mr. Bush 's efforts to house his papers at his father 's presidential library , where they would have
IBM found the Rational products were also integrated with Rational PurifyPlus , which allows developers to work in Java , Visual C # and VisualBasic
A Spanish tanker , Sandra Tapias , came to be loaded with another million barrels , bought by Spanish refiner cepsa SA , in the
Although a small city - state , Singapore stands the 12th - largest trading partner of the United States , with trade volume of $ 33.4
Connolly found FBI agents in San Diego and abroad spent thousands of hours investigating al - Bayoumi .
The lawyer for Hollins Jr. , Thomas Royce , has said his client had no link to the company that owned and operated E2 .
PG&E 's shares climbed 24 cents to $ 15.44 during Tuesday 's trading on the new York stock Exchange .
MDC spokesperson Paul themba Nyathi said the Avenues Clinic was targeted because it was handling opposition supporters .
The suit was made in the Supreme court ofnew York County .
Axelrod died in his sleep of heart failure , leaving his daughter , Nina Axelrod .
Fatalities in rollover crashes accounted for 82 percent of the increase in 2002 , NHTSA said .
TheBritish pound showed its muscles against the dollar , last up one percent at $ 1.6672 .
That is , if the Recording industry association of America have anything to say about it .
The technology - laced Nasdaq Composite Index closed down 25.36 points , or 1.53 percent , at 1 ,628.26 .
The study appeared today in the New England Journal of medicine .
Hebei has suffered 191 cases and eight deaths , though the health experts did not say how many were in rural areas .
" Yes ,I do not wish to be present during this witness , " Peterson , 31 , calmly told the judge as he was returned to his
The report finds that drugs sold in Canadian pharmacies are manufacturing in facilities approved by health Canada , which serves a similar role as the FDA for theCanadian
There came no clear successor for Mr. o'Neill at Hyundai .
The U.s. house of Representatives , the other chamber of Congress , does not take on treaties .
That federal investigation stands separate from an informal inquiry by the Securities and Exchange Commission .
Lee Janzen , tied atop the leaderboard with five holes left , closed with a 68 to tie for sixth with Bob Crane ( 67 ) with
InNovember , Jeffrey Brabakow , the chief executive at the time , said the company used aggressive pricing to get higher payments for the sick
Dotson , 21 , was subsequently charged with Dennehy 's murder .
The offer is also subject to Goldman signing an agreement with Drax 's senior banks , senior bond holders and hedging banks by Sept. 30
The quarterlies usually stay in stores for between six to eight weeks , " Carney added .
The world 's largest software company said it recognized the difficulty the multiple patches posed for companies trying to apply them .
AndMcArthur reveals internetnews.com price declines have moderated and remained below 30 percent from the previous year for the last two quarters .
Before the meeting , Putin showed that Russia regards Saudi Arabia as a key Muslim state .
Lower courts have yielded on the issue , allowing depictions of theTen commandments in some instances and not in others .
He was brought inAtlanta , Georgia , on Monday night by police acting on a tip - off .
 July 10 - the Bush administration 's latest effort to expand the role of religious organizations in government services joins church - based youth groups in anti -
The sale accounted about 52per cent of the 115.9 million shares Mr Turner held at the end of April .
Sirius recently began carrying national Public Radio , a deal pooh - poohed by XM because it does n't include popular shows like
Mahmud controlled passed to Saddam and was frequently at his side .
According to the Census Bureau , the Hispanic population grew by 9.8 percent from the April2000 census figures .
Noah Wyle , who has played Dr. john Carter since the series launched in 1994 , has obtained a one - year extension to his deal
The WHO has said the Singapore case did not fit its profile of sARS and was " not an international public health concern . "
U.s. soldiers killed about two dozen suspected Taliban militants in southern Afghanistan after their convoy came under attack , the military said Sunday .
- " came up on his personal radar screen in the past week , and i had to get my pitch .
Mr. McCall , who ran unsuccessfully for governor of new York in 2002 , speaks himself an advocate of better corporate governance .
A former partner of accountancy firm Ernst & Young was yesterday brought by FBI agents in the US on charges of obstructing federal investigations .
Yeager said the incident appeared to be isolated , but the suspect showed tendencies of being a prior offender .
The 30 - year bond US30yt = RR fell 16/32 , taking its yield to 4.20 percent from 4.18 percent
And if that ai n't a Democrat , then i must be in the wrong meeting , " he added to thunderous applause from his supporters
The Maine program could serve a model for other states .
The bombardier and Embraer aircraft will be added toU.s. Airways by September 2006 .
" I am being forced into exile by the world 's superpower , " Taylor said in an address videotaped at his home .
Investigators continue to probe virtually every aspect ofCamp 's personal and financial affairs , the former mayor has said .
Revenue went up a tad , from $ 610.6 million to $ 616.5 million .
The technology - laced Nasdaq Composite Index < .IXIC ) rose 26 points , or 1.78 percent , to 1 ,516 .
Iowa state athletic director Bruce Van de Velde would not admit an offer was made to Lebo .
Still , Pinellas rabies cases fell sharply to 17 in 1996 and 3 in 1997 , Agnew showed .
Whitley 's attorney , Marc Garber , called the ruling " a huge victory . "
Shares of BioReliance stood at $ 47.98 at the close of market yesterday , down 2 cents .
Just five months ago , Dean committed to accepting taxpayer money and the spending limits that come with it and vowed to attack any Democrat who did nt
The artists say the plan will harmFrench culture and punish those who need help most - performances who have a hard time lining up work .
A federal appeals court found Tuesday that theU.s. government can withhold the names of people detained as part of the September 11 investigation , reversing
The seizure came at 4 am on March 18 , just hours before the first American air assault .
The broader Standard & Poor 's 500 index .SPX stood 0.46 points lower , or 0.05 percent , at 997.
Gerry Kiely , a EU agriculture representative in Washington , says EU ministers were invited but canceled because the union is closing talks on agricultural reform
But VincentWeafer , security director with Symantec Security Response , asserts all the virus did was visit a pornography site .
In a 6 - 3 ruling , the justices find such anti - psychotic Drugs can be used only in " limited circumstances . "
Razali ismail met for90 minutes with Suu Kyi , a 1991 winner of the Nobel peace prize , at her lakeside home
At first blush , then , the creators of the registry would seem to have drawn the line between exempted and banned calls in the right place .
The dispute has forced Ukrainian president Leonid kuchma to cut short a state visit to Latin America .
Widened a frequent target for rebels , and tension is running high ahead of Sunday 's presidential election in the war - ravaged region .
According to the state Department list , about 25 nations have made bilateral agreements in the past four months , about half in thepast three weeks .
It called on the CommerceDepartment to respond within 60 days .
The service will enter later this summer with 800 locations , and Sprint plans2 , 100 locations by the end of the year .
Gold 's bounce drove other precious metals higher , sending silver to $ 4.83/85 an ounce from $ 4.,80/82 last
Shares of lendingTree fell . six , or 42 percent , to $ 20.90 after hitting $ 21.36 earlier .
It will cost about $ 20 ,000 per average course of treatment -16 to 17 weeks .
Teams of inspectors walked into a restricted area at one park without being stopped by employees ; others took pictures of security - sensitive areas without anyone challenging
Puretunes representatives could not be reached Thursday to comment on the suit .
" I 'm still not red - hot favourite , " Hewitt said after battling to down Davydenko 6 - three 4 - 6 6
Astronomers have now found eight more moons orbiting Jupiter , bringing its known total to 60 .
The church 's lawyer , Shirley Phelps - roper , was clear : " What they have done is a thinly veiled attempt to do an end
The woman said that she felt threatened and obtained a warrant for Stackhouse 's arrest from the local magistrate 's office .
The American Anglican council , which represents Episcopalian conservatives , says it will seek authorization to create a separate province in North AMERICA because of
 shares of allergan stood up 14 cents at $ 78.40 in late trading on the New York Stock exchange .
In 1995 , the last survey , those numbers stood equal .
Theederal courts have found that the monument violates the constitutional ban against state - established religion .
Frankel says peace rules will run in the Preakness stakes on May 17 .
The broader Standard & Poor 's 500 Index < .SPX > stood 2.38 points , or 0.24 percent , at 995
Zambrano passed seven innings and allowed two runs on five hits and four walks .
" I 'm absolutely confident we 're going to have a bill , " Frist , r - Tenn. , said Thursday .
There came 293 human cases of west Nile inIndiana in 2002 , including 11 deaths statewide .
On Thursday , a Post article found that a 50 basis point cut from theFed was more likely .
 heatley underwent surgery Saturday for a broken jaw and an MRI found two torn ligaments in his right knee .
Last week , former chief financial officer Franklyn Bergonzi came guilty to one count of conspiracy and agreed to cooperate with the government 's investigation
NickPollard , the head of Sky news said : " This is a shocking blow for James 's family .
Juniper " saw the concrete barriers ( between lanes ) were being fluttered around like feathers . "
" IT is the only vehicle on which established economies will be able to compete " with fast - growing economies such as China and India , Barrett said
The system is estimated from US$ 1.1 million to $ 22.4 million , depending on configuration .
 Netgear announces the wGT634U super Wireless media Router , which will be available in the first quarter of 2004 , at under $ 200
Last Thursday , the rIAa gave a stiff copyright warning to Penn State 's department of astronomy and astrophysics .
Emile bore , 51 , contracted sARS while working as a nurse at North York General Hospital , the epicentre of the second sARS
" i 'm not going to be sponsoring it because it 's not our proposal , but i 're not responding to it in a negative
Scott DixonEventually made winning the Honda Indy 225 look easy Sunday at pikes Peak International Raceway .
Major fires had scorched 264 ,000 acres by early last night .
U.s. forces struck dozens of targets on Monday , killing six guerrillas and arresting 99 others during 1 ,729 patrols and 25 raids
BA found the second quarter , which included unofficial industrial action at Heathrow , had been difficult .
The benchmark 10 - year note US10YT = RR rose 11/32 in price , taking its yield to 3.21 percent from 3
Peregrine gave its Remedy business unit to BMC Software in November for .
A key portion of the accord calls the implementation of a special council to monitor health spending , set goals for the system and measure progress in reforming health
Shares in BA stood down three percent at 165 - 1/4 pence by 0933 GMT , off a low of 164 pence , in
Chiron and aventis Pasteur together made about 80 million doses , ordinarily enough for U.S. demand , the Associated Press found .
Six new Krispy Kreme stores were opened in the first quarter , bringing the total number of stores to 282 .
There will be 9.3 million visitors to hot spots in 2003 , up from have 2.5 million in 2002 , Gartner says .
France Telecom shares rose 3.6 percent whileOrange surged13 percent .
Authorities performed an autopsyThursday on one of three bodies recovered from beneath a layer of freshly poured concrete in the basement of a northwest Indiana home .
Two federal agencies are investigating telecommunications gear maker Lucent Technologies for possible violations of U.S. bribery laws in its operations in Saudi Arabia .
In his letter , McBride charges the free Software foundation and Red Hat with trying to undermine U.s. copyright laws .
At 12 months , there lay still a difference between the groups , but it was not considered significant .
" It just seems like all the issues that we support he does n't , " said Gabriela Lemus , the league 's director
" I know this sounds counterintuitive , but it 's true : city - grown pollution -- and ozone in particular -- is tougher on country trees
The broad Standard & Poor 's 500 Index .SPX rose just 0. 17 of a point , or just 0 . 934 .
The Dow Jones industrial average < .DJI > fell 44 points , or 0.46 percent , to 9 ,568 .
UnitedChina 's foreign ministry said : " we hope all parties will continue to make efforts and continue the process of dialogue . "
Van - Vliet , who was also injured , took in the accident on the school bus radio .
Chief Executive Mickey Robinson was fired for cause in September , the company announced last month .
Police say Wilson then shot Jennie Mae Robinson once in the head before turning the gun on herself .
The Telegraph can reveal that Sir John Stevens , the Metropolitan police Commissioner , placed his force on its highest alert last week .
Bulger 's brother , a former FBI informant , lies now on the law enforcement agency 's " 10 most Wanted " list .
On Tuesday , a Florida appeals court again denied to block removal of the tube .
- " stood in the Stanley Cup finals , and it was a little bit embarrassing the way we played in the first two games .
Playwright George Orwell , who anticipated the sexual revolution with the seven year itch and will success spoil rock Hunter ?
Nine seconds later , SpaceShipOne broke the sound barrier , the company said .
Uus Airways flights , which crashed Jan. 8 , was found to be within 100 pounds of its maximum takeoff weight .
The security personnel performed ` ` well within standards '' and the two staff aides were ` ` very sorry all this happened , '' gainer added .
The academy will get its own internal report next week and it will be made public , Rosa declares .
Total shipments reached 19.5 million units last year , compared with8. 9 million units in 2001 .
Moore , the suspended chief justice of the Alabama Supreme court , stands trial before the Alabama court of the Judiciary .
The blue - chip Dow Jones industrial average .DJI put on 97 points , or 1.14 percent , to 8 ,699 .
According to an arrest warrant , Bryant , 24 , struck a woman on June 30 .
Hollywood actor Robert de Niro has been diagnosed with prostate cancer , his spokesman said today .
Unexpected , but However , we feel not certain about the outcome of the discussion at this moment . "
Halliburton shares fell 54 cents , or 2. 4%) , to $ 21.76 a share in midday New York stock exchange trade .
On Monday , Abbey sprang on stage , tail wagging , with Conway before a crowd of 10 ,000 attendees at peopleSoft 's annual customer
With 97 percent of precincts counted tonight , 68 percent of voters rejected the tax .
Still , changes to IE " may affect a large number of existing Web pages , " according to the W 3C 's notice .
Barbini says the EU may reach a compromise but it wants a system for labeling such foods , something the industry has resisted .
The fire spread to several surrounding structures on the property and destroyed them as deputies held back firefighters .
" i am advised that certain allegations of criminal conduct have been interposed against my counsel , J. Michael Boxley , '' the silver statement said
It will appear in the next few weeks on the Web site of the Proceedings of the National Academy of Sciences .
Hickenlooper beat city auditor don Mares , 46 , in the Tuesday runoff .
Under NASd regulations , Mr. young can make a response and request a hearing before an NASd panel .
Wall Street crept tentatively higher Tuesday as investors weighed a trio of reports showing modest economic improvement against an urge to cash in profits from Monday 's
But the United States ' ultimate goal went not just to topple Mr. Hussein but to stabilize the country and install a friendly government .
The most common side effects followed after getting the nasal spray were nasal congestion , runny nose , sore throat and cough .
Together , we will find creative ways to communicate the unique strengths of Kmart to the ' new America ' consumer . "
Supermarket chains are accusing union leaders of breaking off contract talks prematurely over the weekend as grocery clerks gear up for a possible strike .
Intel on Wednesday introduced its next - generation processor for cell phones , PDAs , and other wirelessdevices .
An Ohio law that bans a controversial late - term abortion procedure is constitutionally acceptable and the state can enforce it , a federal appeals court found yesterday .
The Technology - laced Nasdaq Composite Index < .IXIC > rose 19.11 points , or 1.2 percent , to one ,615
" there 's very strong interest in getting money back to the ratepayers as quickly as possible , " Commissioner Susan Kennedy said .
The company also said it would cut wholesale prices on cassettes and change the suggested retail price to $ 8.98 .
 shares of allergan stood up 14 cents at $ 78.40 in late trading on the new York stock exchange .
They say second - quarter earnings reports will be key in giving investors that guidance .
That saw the benchmark 10 - year note US10YT = RR slip 5/32 in price , taking its yield to 3.36 percent
 Shares of m&T , which is based in Buffalo , fell 41 cents , to $ 91.51 .
Consumer groups oppose the changes , saying they would concentrate too many outlets in too few media empires .
A grains management committee normally meets each Thursday in the Commission 's agriculture unit -- another target of Wednesday 's raids -- to decide the outcome of
Secretary of state Colin Powell said yesterday that contacts with Iran would continue .
Best Minister , Scrimshaw , and ten most wanted all took workouts on Monday morning .
South Africa 's Nobel laureate Archbishop Desmond Tutu says he does not understand all the fuss about appointing a gay bishop , but he has urged homosexual
Four months later it reached a joint marketing agreement with Hewlett - Packard Co.
Yesterday , the Concorde prepared to launch itself straight out of the rising sun .
" Leaving aside attorney fees , we 're dealing with bragging rights of who wins and who loses , " replied Gammerman .
The U.s. women , who are defending champions , will meet on Sept. 25 in Philadelphia and conclude group competition on Sept .
MedImmune reports , the maker of FluMist , made between 4 million and 5 million doses this year .
She appeared in federal court Wednesday , but did not enter a plea .
The incremental step , reported by researchers at UC San Francisco , marks the latest in a decade - long effort to infect mice with the virus .
Mr. Bush did not change this when he issued a brief statement yesterday thanking the commission for its work , and saying , " our journey into space
The technology - laced Nasdaq Composite Index .IXIC closed down 1.55 points , or 0.09 percent , at 1 ,744
Buoyed by advice imparted by Nicklaus , Howell shot an 8 - under 64 on Thursday to enter today 'sRound with a one
That comes up from $ 1. 14 billion during the same quarter last year .
Austria holds the petitioners are entitled to respect for their private lives . "
Patton also appointed Conner to the Kentucky Lottery board and appointed Seth ConnerTo the Agriculture Development board , the commission found .
The findings appeared in Wednesday 's Journal of the American Medical association .
" we are very pleased with the judge 's decision , " Merrill said yesterday .
But skeptics grew concerned about the ease at which these hardware - based security features could be used to set digital rights management policies by vendors .
Powell is serving time in a different case -- killing his landlady in 1982 .
Israel 's Netanyahu presses to call early vote
GodRussia , China vetoes UN Security council resolution on Syria
Green Lantern returned to be relaunched as gay superhero
Greece stands set for repeat election
Iranians “ confess ’d ” to nuclear scientist murders
Mohamed Morsi passed in as Egypt 's President
England falls killed in Syrian - linked clashes in Lebanon
DepiaIAF fills Gaza terror cell ; laid dead
Unexpected Pakistan doctor 's fate
Syria brings more troops despite peace deal
Annan puts end to Syrian violence
Manmohan in Tehran , urging NAM to take a stand on Syria
Messi sinks4 4 to send Guardiola off with victory
Taliban launch coordinated Afghan onslaught
Russia , China withdraws U.n. draft backing Arab plan for Syria ( Reuters )
Israel prepares for Arab protests .
AnIsraeli army orders driven out of Hebron house
Egypt 's President - Elect Morsi comes to form government
At least 12 killed in Nigeria church struck
SObama 's delicate tread on same - sex marriage
Eurozone gives Greece bail - out
Two blasts shake Syrian capital .
TObama allows same - sex marriage
US jobless lay seen rising , offering Obama no relief
Israel holds Iran for attacks on its diplomats
Music industry mourns Whitney Houston
Over 100 dead in Pakistan factory blaze
August CPAC came 2012 : Mitt Romney sought to connect with Conservative base
Britain keeps golden night on track
Toulouse held : France was on the highest level of security of security alert
Us spent $ 50 m on carp invasion
Lance Armstrong calls it quits in fight against doping charges
Britain 's Prince Philip fell , to miss jubilee
Hungarian Housewives ' actress Kathryn joosten dies at 72
Egypt prepares to bury Coptic pope Shenuda III
EU weighs major new sanctions against Iran
Assad gives Red Cross pledge .
ManchesterUnited Reveal share price plummeting
UICC lawyer held in Libya held 45 - day detention
China 's yuan sinks against USD for third day
Romney shakes at secret donor talk
S. Korean economic growth sinks to near 3 - year low
Russia , China urge UN resolution on Syria killings
Romney : i took all management of Bain in 1999
Sept 11 defendants enrage startled at hearing
Clinton : us , Europe must join to defeat Tyrants
Obama andRomney take stage for first debate
Malawi hears President mutharika 's death
Best ’s great day made West Indies cheer
Syrian ceasefire brings uneasy calm .
China 's industrial output growth eased to 9.2 pct in July
China holds 7 for " house sister " scandal
China yuan fell to 6.1696 against USD Thursday
China and Taiwan hold historic talks
Hundreds lay dead or injured in China quake
Today comes in history , Jan. 21
West raises stakes over Syria chemical claims
Israeli lawmakers call for internal probe into case of Prisoner X
Brazil leader keeps silence about protests
Calif. man finds not guilty in terrorism case
Red grapes , blueberries show human immunity
Tunisia president feels confident can overcome political crisis
Mumbai police arrest fifth suspect in gang - rape case
Security agencies grow about new terrorist threats in Kenya
Google invests 200 million USD in Texas wind farm project
Insurance stands key to fostering economic growth
Uushes al - Qaeda leader but fails in Somalia attack
London marathon holds silence for Boston victims
Football : Messi nets 300th Barcelona goal in comeback win
Ukrainian officials barred fromCanada as protests continue
NATo soldiers killed in Afghan attack
Stocks rise 2.47 % higher
Dozens found killed in Venezuela prison riot
Coptic priest laid dead in Egypt attack
United president pays tribute to Mandela
Australiaus Congress may put wrench into Iran nuclear deal
Iran President Hassan Rouhani seeks nuclear deal in months
Singapore stocks closed 0.54 pct higher
FreedPussy Riot pair stir up anti - Putin protests
Heavy rains drop 18 dead in Philippines
Socialite ,Socialite Lilly Pulitzer dies at 81
Japan , US hold meeting linked to regional trade pact
Websites hide nasty comments by taking away anonymity
Held in Guatemala , software guru McAfee fights deportation
Biden calls for trust in building ‘ new relationship ’ with China
 Kenya SC confirms election result
Bolivia 's Morales says he would grant asylum to Snowden if asked
3 lost , 138 injured in Boston blasts : media
Dozens of Morsi supporters slain in Egypt clashes
China stocks opened lower on Friday
Egypt sees violence rise killed in clashes at Cairo ’s Islamic university
Napthine takes the reins after Baillieu 's leadership fell
SanSFg meeting held situation in Mali
Lawrence 's fallen : 19 hurt in Nolia Mother 's day shooting
ArTurkey 's PM urges against Protests
Michelle Obama to appear on ' Parks and Recreation '
FORMULA1 : Rosberg stays modest despite Monaco win
DaveLee Travis pled not guilty to all charges
Pro protesters clash with police in Brazil
Egypt brace for more violence as Muslim Brotherhood calls ' march of anger '
God gives settlement subsidies the
Hunting for clues inBoston bombing
Kerry calls on UN Security council to act on Syria
Margaret Thatcher dies at 87
England loses killed in US building collapse
Obama shakes hands with Cuba 's Castro at Mandela memorial
Gunmen kill four in Kenya church attack
Fire broke out near secretariat in Srinagar
Leading shares fell lower on Wednesday
TeIran diplomat : gains being made in expert - level talks
Israel press asks price of talks resumption
England sends : three troops killed in Afghanistan attack
Indian - origin teacher caught after attack in new Zealand
At least died killed in Pakistan church bombing
At least 150 dead as strong quake shakes southwest Balochistan
Fierce clashes in east Syria as US seeks peace talks
Australia slashed interest rates to record low
 Syria sees opposition struggles within wider Syrian struggle
Arrested bound ' not significant ' to Kenya attack probe
Obama brings no new sanctions on Iran
38 laid dead in Russian psychiatric hospital fire
North Korea urges foreigners to leavesouth Korea
Nigella Lawson ' took cocaine every day for a decade '
Hyped : no funds for yeshiva that incites violence
ManchesterUnited owner Malcolm Glazer passes at 85
Fast - food workers seek for higher pay
Three held , grievously injured in two road mishaps
Mufti : conspiracy aginst Syria prepares its stances , particularly towards Palestine
Hong Kong prepares for huge democracy rally
TheUS Senate Confirms Janetcock as new central bank chief
England cries ' killed ' in Boko Haram raid in Nigeria
China Yuan slipped to 6. 1818 against USD Tuesday
An Israeli army kills 3 Palestinian militants inWest Bank clashes
Japan mayor addresses toU.s. , denies wrong words on " comfort women "
43 killed , 86 lost in attacks in Iraq
Iran sees Israel lying about rockets
Philippines government says peace talks with communists have failed
Pakistani Taliban ' elect new chief ' , vow ' unprecedented ' come
FAA lifts ban on U.S. flights to Israel
Pakistan held landmark election as 29 killed in attacks
Bulgarian president strives to break election stalemate
Janet passed : five things you might not know
Pakistan 's Musharrafiesathered in Bhutto death
High court denies President 's recess appointment power
Eurozone debt crisis is over , says France 's president
Treasury asks 1.5 % income tax raise in budget
 EU Ministers of Employment and Social policy to explore employment boosting strategies
Two men arrested after string of sex attacks on ManchesterUniversity campus
Zimbabwe sees acquitted in slaying
Crisis - hit Maldives holds new presidential poll
Iran , IAEA officials meet ahead of March nuclear deadline : isNA
Oil slides down in Asian trade
Israeli forces seize 2 Palestinians in overnight arrest raids
T Israel Police Clash with Palestinians in Jerusalem
Volkswagen 's " act of goodwill " to diesel owners
NewYork police left critically wounded in hatchet attack
