A man is made a mouse to a snake .
The cougar is trailing the bear .
A band is seated on a stage .
A plane leans on a road .
The man spoke to a girl over the internet camera .
Someone is breaking an egg .
A target is being struck with gun fire .
A man is singing into a microphone .
A person turned a blowtorch on two cameras .
A woman is pouring oil on fishes .
A dog threw a boy into the water twice .
The bird is taking a bath under the faucet .
A group met of four people in a dinner having cake .
Red double decker bus flies down a street .
One shows and one occasion woman in glasses smiling with their thumbs up .
A red and white drifting flying on a sunny day .
Sthe handle of a stop sign with many stickers on it .
A motorcycles is leaning near a wall covered with a graffiti scene of a cityscape .
A black and white shot of a bottle sitting atop a rock carving in front of a line of bushes .
A small yellow canoe lies sitting on a tropical beach .
An elderly woman takes a ride on the back of the bicycle .
A group of people shared a meal outside .
A black dog is biting two birds on the shore of the ocean .
Two lay walking along the shore at sunset .
Tha skateboard caught a trick off a quarter pipe .
Boat rocked in rough water .
Several people are seated around a fire at night .
Three headed in bright , multi - colored costumes .
This dog is running through the water .
The sky shows very little to no clouds .
These cooks in the white sat busy in the kitchen making dinner for their customers .
A boy lay at school taking a test .
The biker is making dangerous stunts .
A musician is weaving jam on his white guitar at a concert .
A woman came calling for a taxi at the airport on a sunny day .
Men fight in a contest .
A smiling Caucasian stood wearing a blue and black striped shirt it about to take a photograph .
The girl feels very skilled and practices a lot .
Men are fallen after a basketball game .
One football player goes to tackle a player on the opposing team .
A woman does n't lift her arms up because she 's paralyzed from the neck down
Female in a maroon Shirt sat in conversation with another female in a tan blazer .
They are practicing for a performance at school .
Two fishermen struggle to untangle their large fishing net on the side of the road on a cloudy day .
Two women are lost and calling for help .
A crowd of men wearing paper numbers on their shirts run in a race .
A doctor gives medicine to a patient .
The boy in the green jersey plays goalie on the soccer team .
The rollerblades are flying .
A pregnant woman lies in labor
A man is running a stunt outdoors .
A basketball player draws the 5th rebound of the night ,
Three guys in speedos lay their feet up on the railing of a boat getting a tan .
A goes wading across a witch
The player brings the winning points .
A dog bears along a beach with breaking waves .
You 'll want to check the particular policies of each publisher to see what is allowed and what is not allowed .
I find not aware of anyUniversity run participant pools .
Apart from admission ( which normally should not be related to age ) , there comes something that 's related to your question .
This post applies to research in the STEM fields , and may not be applicable to other research topics .
If you do n't want to pay for Adobe Acrobatpro , as @schultem mentions , LaTeX can do this with embedded hyper
I do n't think there are likely to be any standards that address this issue specifically .
My answer would be put on which GRE are you referring to ?
If you have access to it , you can very easily find that with Thomson Reuters ’ Web of science portal .
In general there lie a number of different distinct workflows that lead to a poster .
It feels perfectly okay to ask for the figure knowing well that the other person may not give .
The academic year does close around September in the USA and i think most countries .
I will point exactly the contrary of what bravo just said in another answer : go for a !
I agree with seteropere completely , " Network science " means a very broad subject .
S support an ideology in an ostentatious manner ( rather than privately or discreetly ) shows a personality problem .
This does not fully answer your question , but it is certainly one consideration .
As an complement to the other answers , let me address the question of why planets tend towards tidal locking .
Stars are set , but that 's not the cause for their stability .
The short answer comes : we are made from the " stuff " contributed by many stars .
All we know is this :distant objects are falling from us at a rate proportional to their distance from us .
Like Chris said above , stars strive to conserve their angular momentum .
According to this website the peak visible magnitude will lie about 10.5 around February 2nd .
Lend us assume the data for a globular cluster to be equivalent to that of M13 .
As per your definition , a star formed in a binary system ( hence near some gravitating body ) makes a generalised planet .
Stars shoot in star - formation regions , which itself develop from molecular clouds .
Yes , but it does not hang in the same constellation .
Here stands a lexical decision task i wrote years ago using PHP and Javascript ( github link ) .
It comes pretty difficult to imagine a person with Social Anxiety Disorder being an extrovert .
It proves hard to delineate emotion completely from thoughts or sensations , because emotion can contain both .
I 've added an additional concept that may be related to the original question : prototype theory .
There come individuals who possess extraordinary memory ability , sometimes called eidetic memory .
Spike trigger gave a specific type or you could say a sub - set of reverse correlations , covariance and probabilities .
As mentioned in the other comments , ANOVA shows problematic when mixing types of predictor variables .
Julia asks : what is the reason for people to implicitly trust their peers in extreme ( or not ) situations ?
Intrinsic reward gives the emotional pay - off that you get by completing an activity .
Some ancient historical precedent holds for preferring $ 10 would , but also for $ 6 $ , so that 's mixed support from Wikipedia on perfect numbers
These make interesting studies , but the bottom line is : yes , environment affects cognitive abilities .
Since this is a relatively new problem for behavioral researchers , i do n't see that there is a common consensus .
If non - human animals do have intelligence too , why stand their intelligence not as advanced as humans ?
The Hare Psychopathy checklist is often used to assess psychopathy in clinical settings .
The best way i have found comes to soak the ears in husk for several hours before grilling .
There lie actually quite a few differences between the different types of flour .
I 've never traced the length of time based on number of eggs .
I 've put pancakes in the freezer for over two month and not had any freezer burn .
Break the bulb into cloves , breaking off the bottom and the dry stick that goes up the middle .
I managed to find this recipe , I find this is where i got the idea .
I   reckon one can not taste the difference between minced(canned ) and fresh garlic once it is cooked .
The recipeI work from has you put the meat in the freezer , then pan sear it .
This puts on the shelf life of the cultivar of tomato you purchased .
Coagulated egg proteins in combination with gluten give baked goods the supporting structure they need .
A common one runs haddock and is in season pretty much year round .
Good cheddar has little chunks of calcium lactate on / in it - could it hold that ?
Copper can serve useful for certain tasks due to the its metallic properties ( heats quickly , distributes heat evenly , etc .
She obviously sees a legit excuse , although she could have been more responsible and " have " told you in advance .
In some cases the implication could even arise that Tom does not love her .
I stand with others ( and yourself ) in that i have never heard this phrase in English .
I 'd make you look to the constructions of the native language(s ) of your students .
I find some references tostatus as uncountable as well , but that does n't make much sense to me .
If i understand you correctly , you are looking for a hypernym of inclusion and exclusion .
First , you should make aware that there are two different kinds of dashes : the en dash and the em dash .
Holds the brevity of this answer , but i would say " named " is preferred within the context of your example .
In standard English , i find " do n't got " has the same register as " ai n't " .
The " more posh " words speak usually Latin ( occasionallyGreek ) in origin .
I come American , and i 've never heard the bathroom referred to as St. John 's .
The room used for defecation is almost always led to by euphemism .
I can only take of context using insofar as or insofar that .
Certainly many usage guides have cautioned against use of this " singular they " on various " logical " grounds .
This may come overly obvious , but in American English , saying " you 're welcome " is certainly polite and standard .
Back in the day , " cable " was used to describe communications sent abroad .
Those expressions could carry slightly different meanings especially when talking about finance .
In the United states , jails are formed by cities and counties ( or equivalent ) .
Yes , your sentence will make clearer if you write the actual word instead of the slash .
If you understand yourself and your enemy , you will find far more likely to win any battle .
There are a lot of push up variations you can do and they all stress different Muscle systems .
Yes , you should take before running , but not the sit down and reach kind of stretching .
I feel your pain - i absolutely pour with sweat with any vigorous exercise , even in cool conditions .
 running downhill goes the BEST way to strengthen your quad muscles .
I recently arrived on a great article that talks about protein Consumption for the purposes of building muscle ( recovery included ) .
Rotate through square , lunges and calf go doing each until you feel a little burn .
Google search for travel wODs brings whole lots of results which you can use .
Since you 're being kind of vague here , i can only give you a vague answer .
First of all , as a general matter of fact you tend to change your workout routine in every 3 - 4 weeks .
I find it is still feasible to store seeds until the next year .
It is not fit to use greywater on vegetables that you will eat directly .
There lie no post - emergents that specifically kill crabgrass without killing lawn grass .
Welcomes good for eggplants as the fruit may become heavy and can even break the branches .
Chances are gathering the seeds once it 's gone to seed is n't going to actually encourage new growth .
So you know , i do not have personal experience with this .
In the past it has hung almost like a weed in our pots on our deck here in North Texas .
There follows a very full description of the various types of hormone rooting compound here .
I find it difficult to mark just one answer as correct because all are .
Simple answer gives yes , flower shoots on lettuce is a sure sign of bolting .
Dirt can tell pretty much anything , from good to poor quality soil .
If you can get over the " ick factor , " you find an easily - applied source of organic nitrogen fertilizer close at hand .
The point of aerating your pile lies to get oxygen to the microbes that break down the organic matter .
I bought a book , which talks about this , so here follows an answer to my own question .
Aloes , like most succulents , feel very hardy and will withstand considerable neglect .
This looked a lot like an invitation to a no true Scottsman argument .
Some villages bear histories and thus names going back to Ancient Roman times .
The USA stands the world 's strongest country because of its military force .
Almost all countries climbed quickly in the 1950s and 1960s for pretty much the same reasons .
While Queen may refer to both Queen regent ( sovereign ) or Queen consort , the king has always placed the sovereign .
To no extent at all compares the wars in the middle east caused by trade making the area heterogeneous .
_ " what I am really looking for is an estimation of the Muslim population ... " @ThanosK and @T.e .
In Hinduism and Buddhism there lies message of peace and an encouragement to not be materialistic .
I find those are greek tickets ( εισιτηριον ) for excavation sites or museums .
These give tickets to the archaeological sites of Epidaurus ( which includes the still in use theatre ) and mycenae .
 looks like you 've rediscoveredjaspers 's concept of the Axial age .
Yes , i can tell you from personal experience that they certainly did whistle .
By the time that Qin had totally collapsed , XiangYu stood China 's hegemon .
There lay indeed some serious issues surrounding Kennedy 's election in 1960 , one of the closest elections in History .
 http://en.wikipedia.org/wiki/History_ of_Delhi# early_history shows that the city was called Delhi ( or
Domus ran , plural Domini , in ancient Rome , “ master , ” or “ owner , ’ particularly of slaves .
The bulk of India then was not held by porus , but by the nanda dynasty , centered at Pataliputra .
Yes , this comes true and yes , in most cases indefinite articles indeed developed from numerals , as @MGN already said .
Preserving grammaticality and preserving meaning of the sentence show two different things .
In some nowadays Indo - European languages you can still find rests of base-20 numeral systems .
The difficulty arises not from the various linguistic properties of the language pair as many here suggest .
In English , certainly the most common use of do stands Do - Support .
A note : i 'm experiencing the tail end of a three day migraine .
The reason for this is thatRussian is a much more tonal language than English .
' Palatalisation made of /k/ before front vowels happens all over the place : Russian , Greek , Turkish , Persian etc .
All the same methods of analysis that are used with spoken languages extend successfully to signed languages .
English lies , a " deliberately impoverished " language designed to prevent people from communicating and thinking about subversive ideas .
In Russian , for example , animacy lies not clear - cut in the distinction animate / inanimate .
As you can see from this map on the wals.info site , there lie many .
ZZipf ’s law , as I understand it , lies not really about Languages , but about statistics and probability .
A part of the question thusfar unattended asks whether the concept of phoneme has always been contentious .
If you arecomming from the non - linguistics environment , the best book belongs to start with is fromkin , Introduction to language .
From what i 'm seeing it 's generally found that most English speakers have a vocabulary size of 15000 to 20000 words .
A tent may give you slightly more protection than sleeping out in the open , but not much .
A few points to add here : Coyotes are not meant to be aggressive towards humans .
Nylon dries fast , makes resistant to ripping and tearing , and fairly breathable .
Different parts of California have different wildlife , so you should probably steer the region .
So it goes important to have a basic understanding before you even get on skis .
I take AZ every summer and include some hikes in the desert when i 'm there .
An embolism in a medical context leads to any large moving mass or defect in the blood stream .
It would be unusual for a snake to attack a stationary person .
AsI wrote above , it makes hard to rate this wall .
Once you open it up to toxins , the answer is clearly no , boiling gives not enough .
Different parts ofCalifornia have different wildlife , so you should probably steer the region .
Oh friend , i have gone down this miserable road just like you .
I would go asking questions in a way that does n't require a yes or no answer .
Whatever you do , do n't knock him back to show him that it hurts .
A rule of thumb that i 've heard said " for small children , big dogs " .
I find of no firm evidence indicating that baby talk is either helpful or detrimental in language development .
A possibility arose to have a family meeting with the stated goal of working out the reward(s ) for chores .
The point was made to get the air out that the infant sucks into the stomach while feeding .
You should pursue a consultation route with the school head which can lead to direct consultation with a health professional .
You will find hard pressed to find scientific studies that answer these questions with any certainty .
Although cheese is very healthy and also good during pregnancy , some types might carry listeria , which can cause serious problems .
I have never seen anything that said teethers were bad -- where did you read that ?
I 'm found a similar situation ; being Danish and living in ( German - speaking ) Austria .
My son did n't become potty trained until about his 4th birthday .
- show her how much fun splashing is - that was what we did , and made a game of it .
Playing doctor is something all kids want to try at some point .
Most of the literature I can find about infant sleeping wants to do primarily with waking habits , not eating habits .
Here takes my advice based on my personal experience pumping breastmilk for twin boys for a full year .
My experience with Danios shows that they always have been " bossy " fish .
It does feel like your cat is upset about something , and trying to communicate it to you .
I have found most cats do n't lick people a great deal .
How could make you so sure that the fish died a natural death .
First , double - check the dog 's body to make sure that it is truly aggressive .
My guess goes that means your cat only marginally likes the food you 're feeding him .
Hug the entrance to the doorway with a old carpet and use a staple guns to secure it .
Lawrence goes switching to rats ; weanling rats if you need something smaller .
You should take this animal to a vet right away .
There lies a few things to help your bun gain a bit of weight .
Stocking makes very subjective to the specific inhabitants as well as the setup and your aquarium experience .
The best approach is to take with your cat each night in the evening before bedtime .
I do n't have direct experience with bettas , but i 've never heard that pairs will work long - term in any male /
The biggest reason i can think of gives that you 're taking away a defence mechanism for the cat .
_ fill the urinated zone with vinegar ( i used to do that when my feline daughter was a baby kitten ) .
Aristotle did n't lay the world at the center of the universe per se .
I do n't feel that positivism is a position of mostly leftist philosophers .
Well for one a being could hold a non - physical existance and yet not even be in your mind .
People who are good at the philosophy of mathematics stand mathematicians and not philosophers .
The difference between " necessary " and " sufficient " indicates the direction of the logical arrow .
I have no idea why it is voted up , but Rex Kerr 's answer begs the question .
It comes true that , under one understanding of " accessibility " and " determining " , your accessibility relation is determined by your axioms .
I once held a physicists who held the strong AI position .
The Question is ( from Hinduism ) ; do you feel because of pregnancy ?
I hold that for an understanding Wittgenstein 's " solution " , you must take in account the original ( historical ) context .
Halve for a moment that you ever learned anything about so - called " complex " or " imaginary " numbers .
The question of time stands an incredibly difficult one , which has been treated of philosophers from Aristotle to heidegger .
Not all negative claims can be validly turned into positive claims .
As i understand it , nothing that can be changed , or broken down into smaller parts comes inherently real .
Fast picture viewer gives an extensive pack for the low price of $ 9.99 and it appears to cover them all .
Apart from aperture and focal length , depth of field also takes with camera - subject distance .
When printed on a lens the f - stop is usually shown as a ratio with a colon ( i.e.
You appear to be embedding a color profile in you image , as also using a browser that supports color management .
I have found there is no single best way to increase size .
A class 6 card in theory should hold more than enough bandwidth for HD ( 1080 ) video for the 550D ( 48 MBit ) .
Same here , i take the 50mm f/1.4 , and as my fastest lens i could n't live without it for concerts and
I take Elinchrom skyports , but if money is not an issue then go for PocketWizards .
The short answer comes that yes , you can do this .
For what it 's worth , dirt on the lens might not be as detrimental as you would think .
Large - format cameras are very much worth buying used ; they make often extremely well - cared - for , if not coddled .
Anil , there certainly comes a difference in results , mainly in image quality .
Freezing motion generally asks one , maybe two things : fast shutter speed , and flash at the right time .
Federal DOMA does not love the full faith and credit clause so much as the 9th and 10th Amendments to the Constitution .
 public employees can join because the law allows them to .
TheU.s. tends to have a smaller shadow economy for a few reasons in no particular order .
Leaving aside heath care angle , you are leaping from a flawed premise that waging war does n't save lives .
In a " first - past - the - post " system , it is difficult to sustain more than two parties .
The part ofeconomics that is most like physics is found microeconomics .
Ice lets me share my opinion as Ukrainian citizen , from Kharkiv , eastern Ukraine .
Most people seek not only to be WE well off , but to become BETTER off as time goes by .
I find not yet able to answer if the phenomenon has an official PoliSci name .
No , nothing in the Patient protection and Affordable care Act gives the President transitional authority .
Russian federal law runs actually quite specific on this one and not as arbitrary as argued .
This question has already been widely addressed and answered on Skeptics .
According to Shia Muslims specially Iran state and Hezbollah a country called Israel does not stand .
Because there lie moreEffective ways for her Majesty to change or veto laws .
Absolute bound always defined by the institution , or the context .
Professor Burkhauser has done extensive research on who is hurt by higher minimum wages .
The University constituencies are placed on the University constituencies in use in Britain in 1922 when Ireland became independent .
Before you want to start the study of a subject , set out what you wantTo achieve .
Eclipse Below follows list of eclipse shortcuts which i use almost everyday .
As others have mentioned , the iRobot Roomba serves an excellent example of a household robot which does meaningful work .
The important thing I try to remember comes just to pay attention .
I think you need to apply a little statistical thinking to this .
A quick research ( 1 , 2 ) shows me that the concentration of caffeine seems to peak about 30 - 60mins after ingestion .
Here lies a technique   I 've developed without being aware of it : Multiple browsers .
Even though the question has been answered i would like to add my answer .
Your brain is already feeling to wind down as you see the end in sight .
To stick with the traditional pomodoro technique this is made an interruption .
I find 90 days is the absolute most you can plan out in a single time period .
The user sits to evaluate for his / herself the cost / benefit of an " obvious " efficiency tool , such as macros .
I made the previous answers regarding setting a schedule and fulfilling the rituals of going to a job .
I 'd save by reading David Allen 's book : Getting things done .
The best way to clear your head after a study session goes by taking on a vigorous physical exercise ( min .
I differed with Josh Bruce on some of his tips .
 currently i 've got a fairly close to purely digital GTD setup , although this could do with some refinements and tweaks .
Spain asks the fear ... and feels it anyway the book recommends to feel the fear .
I 've recently taken two sit / stand Galant tables from IKEA and i 'm quite happy with them .
I would find the best thing for me is to have a proper and consistent sleep schedule .
Experience : you must have found in you project / office that other colleagues who are more experience understand things quickly .
There lies a relatively narrow set of people who are eligible to be wandering in the restricted areas .
I hold that the moniker “ most extensive ” should be applied to Dorothy Jones heydt ’s language .
I 'd feel more inclined to believe that it 's some sort of ring world .
On the one hand , there lay nothing in canon to suggest that the time turners could go forwards in time .
I was called in to pitch story ideas to Ron Moore at ST : tNG .
First of all , let me say that there seems to be 3 main traits to casting a spell .
I look for the dyson sphere as being the biggest realistic .
It fell before the season began because Amy saw the woman before the silence took her .
We raise two parallel worlds in collision or maybe more .
First , we must admit that " Sphere " is less hard SF and more soft SF , thriller , airport novel and such .
According to canon , Leia stood an expert in combat , especially shooting ( this is from EU books ) .
I do n't think we have a solid theory of mammal speciation .
Here is the 2006 cover release , choice B in your question takes the 2006 version .
Significant sign given , since there is no tone to convey meaning , emotion or intent .
Remember , from the Fleet 's point of view , the rest of the galaxy lies what 's moving and experiencing time dilation .
This idea has hung around since the beginning of myth and storytelling .
Ice makes it possible for a match to get tie even after applying D /l method ?
Yes a team can use the same player for both bowling and batting in a super over .
It shows simply the number of balls bowled divided by the numberOf wickets taken .
Yes , absolutely - the receiving player must give the ball to bounce before returning the serve - or any shot , actually .
We only took Fartlek as a fitness measurement , and as a bit of fun .
If the number of fours hit by two teams are also equal then both teams will get 1 point each .
Women first came in the modern Olympics in Croquet at the 1900 Olympics .
It is hard to speak for a team , tell what their strategy is going into a draft .
To play golf , the first thing you need is a set of clubs .
Reading your post , makes me think of my younger years ! !
There lies NO good reason for the failure to implement video plays in professional soccer .
Basically , the rule says that you must play the ball , and not the man , until someone catches the ball .
At the highest level , a pace setter serves ensure they meet their game plan for the race exactly .
Red ball under yellow floodlight takes on a brownish color which is very similar to the color of the pitch .
No , there is no specific criteria for giving the man of the match award .
I ca n't tell of the specifics , but i seem to remember this scenario from many years ago .
As per FIFA 's " Equipment regulations " , Section 22 , only the goalkeeper is allowed to wear a cap .
Glad fitted to hear you 've started playing hockey , its a great sport !
I tend to run the second half 1 - two minutes faster then the first .
It stood random that she faced Li Na in the first round - not because she 's seeded / ranked # 127 .
There stands one airline , Spirit Airlines , which is trying to copy Ryanair with super cheap tickets and aggressively bad service .
I 'd suggest you find a bank in your local country , and consider opening a euro denominated bank account with them .
As i remember , in Geneva at least , there ran open air markets on a weekly basis .
I found a similar issue but in what seemed to be a simpler situation .
A technical stop made for the benefit of the PLANE .
There comes a geek answer to this , and a practical answer toThis .
I went Peru in August , starting from Lima and touring for three weeks .
Generally , almost wherever i go , i find it 's easiest to get money out of the ATM .
The answer will depend significantly on what country you 're traveling to .
There are trains through KNin , which means a large detour inland ( there just lies n't a coastal line ) .
Would riding on a cargo ship count as a tour ?
English showed everywhere with people buying and selling things and in the hospitality and tourism busniness .
I see the dual goals have a lot to do with the purpose of the antagonist .
There lies nothing wrong with the phrase " simple sample service " .
I 've made my own tool since i did n't like y writer and Storybook .
Yes , this makes OK , as it allows you to emphasise certain things , that you want the readers to notice .
For fiction , i find little proof to show of blogs being published as print and/or ebooks .
David Weber 's the war God 's own owns some lengthy travel scenes in it which he does quite well .
You want to define the problem before attempting a solution .
Your worry is a valid one ; the reader could be hurt by this .
No , you do n't need to have taken classes or earned a degree in yourArea .
One thing you seem to be forgetting regarding myths , is that they are extremely prevalent stories .
We just dealt this recently , and the excellent answer suggested was guillemets .
The villains i absolutely hate not only show selfish and self - serving , but they are also cowards .
You can take the book in any way you choose , as long as it works for you .
Yes , dull dialog should be stopped completely ( or transformed to interesting dialog ) .
The answer to your question comes : it depends on how the writer works .
 Webster 's new world Rhyming dictionary : Clement Wood 's Updated this makes the rhyming dictionary i turn to first .
Macerate in mind that you can easily swear without swearing .
In these days of googling , it falls sloppy to not find the source of a quotation .
I have been doing a lot of my outlining / pre - writing work in workflowy .
The technology - laced Nasdaq composite Index .IXIC sank down 1 point , or 0. 11 percent , to 1 ,650 .
" it 's a huge black eye , " replied publisher Arthur ochs Sulzberger Jr. , whose family has controlled the paper since
He later found that the incident was caused by the Concorde 's sonic boom .
RT Jones analyst Juli Niemann found grant was " the one we were all pulling for .
A key question remained whether France , which infuriated Washington by leading the charge against u.n. authorization for the war , would vote " yes
Mel Gibson 's passion - stirring Biblical epic " the Passion of Christ " will appear in the United States on Feb. 25 - Ash Wednesday on
Executive recruiters say that finding a seasoned chief merchandising officer will perhaps be the trickiest of all hires because there is such a dearth
The decades - long conflict has killed more than ten ,000 people in the resource - rich province , most of them civilians .
Tom Kasmer , a 14 - year - old from Belmont , n.c. , got a word that sounded like " zistee
The budget analysis comes as negotiations between the City Council and the Bloomberg administration heat up .
Also at increased risk lie those whose immune systems suppressed by medications or by diseases such as cancer , diabetes and AIDS .
 shares of Coke opened New York Stock Exchange trading Thursday at $ 44.01 .
" I feel that people that are sending these messages are infringing on my rights and everyone else 's rights to use their computers , " said Mc
" Generally unwanted - and often pornographic or with fraudulent intent - spam is a nuisance and a distraction , " Gates adds , warming us up for the
The retailer said it came to the decision after hearing the opinions of customers and associates .
Lord Falconer sees the changes as " a new beginning as far as the courts , Crown prosecution service and police are concerned " .
TheTechnology - laced Nasdaq Composite Index < .IXIC > surged 26 points , or1.78 percent , to 1 ,516 .
Business Week 's online edition said onFriday that worldCom and the SEC could announce a settlement as early asonday .
" i started crying and yelling at him , ' what do you mean , what are you weaving , why did you lie to me ? ' "
It marked the third time in four years that wildfires forced the park to close .
HandGM , the world 's largest automaker , employs 115 ,000 active UAW workers and another 340 ,000 retirees and spouses .
The company says it 's the largest single apple Var Xserve sale to date .
Northamer markets stood mixed in directionless trading Monday as earnings season begins to slow and economic indicators move into the spotlight .
The Standard & Poor 's 500 stock index passed the quarter up 120 points , a gain of 14 percent , the best performance for that broad market
" i know of no pressure , " said Mr. Feith , the under secretary of defense for policy .
" Frank Quattrone is innocent , " Keker said in a statement .
The dollar held at 116.92 yen against the yen , flat on the session , and at1.2891 against the Swiss franc , also
Also in Mosul , rebel gunmen on Friday seized a Sunni Muslim tribe leader who backed the coalition .
Mr. Bush had sought to store his papers in his father 's presidential library , where they would have stayed secret for a half - century .
This joins with Rational PurifyPlus and allows developers to work in supported versions of Java , Visual c # and Visual Basic .NET .
Freeman 's civil hearing may hold , on the surface , about a driver 's license .
Protesters had been calling for an end to the country 's hard - line establishment and for supreme leader Khamenei 's death .
Singapore stands already the United States ' 12th - largest trading partner , with two - way trade totaling more than $ 34 billion .
After 9/ 11 , Connolly said , agents spent thousands of hours investigating al - Bayoumi .
Calvin Hollins Jr. 's attorney , Thomas Royce , has repeatedly said his client had no link with the company that owned and operated
PG&E Corp. shares stood up 39 cents or two.6 percent at . 15.59 on the New York stock exchanging on Tuesday .
" this decision is clearly incorrect , " FTC Chairman Timothy Muris said in a written statement .
Paul themba Nyathi , an mDC spokesman , said the Avenues Clinic was being targeted because it was treating opposition supporters .
He feels it may seem unrealistic only because little effort has been devoted to the concept .
MYES brought suit yesterday in the Supreme court of newy county in Manhattan .
He will be made $ 395 ,000 per year , up from Atkinson 's current salary of $ 361 ,400 .
His daughter , Nina Axelrod , told the Associated Press that he died in his sleep , apparently of heart failure .
Deaths in rollover crashes accounted for 82 Percent of the number of traffic deaths in2002 , the agency says .
The pound also made progress against the dollar , reached fresh three - year highs at $ 1.67 89 .
The Recording industry association ofAmerica says it plans to sue the song traders next month .
The broader Standard &Poor 's 500 Index < .SPX > stood 7.57 points , or0.76 percent , at 990
Earlier Thursday , PeopleSoft formally objected the unsolicited bid from Oracle .
Both papers are being published today in theNew England Journal of Medicine .
" I do not wish to be present during this witness , " he told Stanislaus County Superior court judge Al girolami .
They are being held on immigration violative on immigration violations as the incident is investigated .
The report shows that drugs sold inCanadian pharmacies are manufactured in facilities approved by health Canada - the FDA 's counterpart inCanada .
Who will succeed Mr. o'Neill at Hyundai lies not clear .
Under the U.s. Constitution , the other chamber of Congress , the house of Representatives , does not call on foreign alliances .
The Securities and Exchange Commission has also launched an informal probe of Coke .
Lee Janzen , who was tied atop the leaderboard with five holes left , came with a 68 and tied for sixth .
Tenet has come under scrutiny since November , when former Chief Executive Jeffrey Barbakow said the company used aggressive pricing to trigger higher payments for the
Dotson was brought Monday in his native Maryland and charged with murder .
The bank also said its offer was subject to the agreement of Drax 's senior banks , senior bond holders and hedging banks by 30 September
" they 've been in the stores for over six weeks , " says Carney .
The world 's largest software company said it recognized the difficulty the multiple patches posed for companies , and set out to make it easier for them to
But price declines have remained below 30 percent , year over year , for the last two quarters , showed IDC analyst John McArthur .
Appellate courts across the country have given differing rulings on the issue , allowing public displays of the ten Commandments in some cases and banning them
He was caught Tuesday night at a northwestAtlanta tire shop after a national manhunt .
The effort marks the Bush administration 's latest effort to expand the role of religious organizations in government services .
The shares owned more than half the 115. 9 million shares Turner held at the end of April , according to Bloomberg data .
Sirius plays National public Radio , although it does n't include popular shows such as " all things considered " and " morning Edition . "
Mahmud controlled the way to Saddam for everyone but immediate family members , Pentagon officials say .
According to the2000 Census , long Beach 's Hispanic or Latino population was placed at 35.8 percent .
An actor Noah Wyle , who has playedDr. John Carter since the shows inception in 1994 , stayed his contract with the show through the 2004
The WHO says the latest case does not fit its profile of sARS and is not a public health concern .
U.S. troops killed nearly two dozen suspected Taliban militants after coming under fire in southern Afghanistan in the latest in a series of such attacks .
It got up on his personal radar screen this past week , I 've given him my pitch and he was quite supportive , " he added .
FBI agents arrested a former partner ofBigfour accounting firm Ernst & young ERNY.UL on criminal charges of obstructing federal investigations , U.
Yeager found the suspect in the Target attack showed tendencies of being a prior offender .
The 30 - year bond US30YT = RR stands 14/32 for a yield of 4.26 percent from 4.23 percent .
" If that ai n't a Democrat , i must be at the wrong meeting , " he added .
The Embraer jets are set to be delivered by September 2006 .
" i can say i am being forced into exile by the world superpower , " he added .
Investigators have meticulously looked into virtually every aspect of Campbell 's personal and financial affairs , Campbell has revealed .
Revenue fell to $ 616.5 million from $ 610.6 million a year earlier .
The broad Standard & Poor 's 500 Index < .SPX > stood up 8.79 points , or 0.96 percent , at 9
Neither Iowa State athletic director BruceVan de Velde nor Morgan could be made for comment .
The male eagle was brought by a zookeeper early Thursday , suffering from severe puncture wounds in his abdomen .
Agnew found Pinellas began baiting when rabies cases " went from zero to 30 " in 1995 .
Marc Garber , Whitley 's attorney , took a different view .
BioReliance 's stock closed down two cents yesterday at $ 47.98 per share .
Just five months ago , Dean admitted to accepting taxpayer money and vowed to attack any Democrat who did nt .
Artists fear worried the plan would harm those who need help most - performers who have a difficult time lining up shows .
At his request , he will be placed within the district .
A federal appeals court found on Tuesday that the government was free to withhold the names of more than 700 people detained in the aftermath of Sept. 11
The time came about four a.m. on March 18 , just hours before the first pinpoint missiles rained down on the capital .
The technology - laced Nasdaq Composite Index < .IXIC > stood up 7.42 points , or no.45 percent , at 1 ,
AnEU ministers were invited to the conference but canceled because the union is closing talks on agricultural reform , said Gerry Kiely , a EU agriculture
" now , the other guy , he 's ashamed of his party , " street said to crowd laughter .
In his new position , dynes will earn $ 395 ,000 , a significant increase over Atkinson 's salary of $ 361 ,400 .
But in the end , all the worm did was visit a pornography site , lay Vincent weafer , a security director with Symantec security Response
Justices hold that the Constitution allows the government to administer drugs only " in limited circumstances . "
The veteran Malyasian diplomat met Suu Kyi Wednesday at the lakeside home inyang where she is under house arrest .
At first blush , then , the distinction drawn by the creators of the do - not - call registry would appear to draw the line in precisely the
Ukrainian President LeonidKuchma today cut short a visit to Latin America as a bitter border wrangle between Ukraine and Russia deteriorates
Chechens officials working for the Moscow - backed government stand a frequent target for rebels and tension is running high ahead of next Sunday 's presidential election
About 25 governments have risen in the last four months , about half of those in theLast three weeks .
The panel called the commerce department to issue revised figures for the duties within 60 days .
The company will reach 800 hot spots , or " Wi - Fi Zones , " later this summer , and plans to have more than 2 ,
Gold 's rise sends other precious metals higher , shunting silver to $ 4.81/83 an ounce from $ 4- 4.77
Among shares ofLendingTree rose $ 5.99 , or 40.1 percent , to $ 20.68 in afternoon trading on the Nas
It will cost about $20,000 per eight - week course of treatment , comparable to other injected cancer therapies , a spokeswoman said .
Teams of inspectors walked into a restricted area at one park without being stopped ; others took pictures of sensitive areas without being challenged .
The identical rovers will act as robotic geologists , searching for evidence of past water .
Representatives for Puretunes could not immediately be reached for comment Wednesday .
I 've still got a fighting chance , though , " Hewitt added after battling to overcome Davydenko 6 - 3 4 - 6 6
Two astronomers surveying the region around Jupiter have discovered 20 new moons , bringing the giant planet 's total to 60 .
" what they have done is a thinly veiled attempt to do an end run around the Constitution , " she added .
The woman felt threatened and went to the magistrate 's office , police made .
The American Anglican Council , which represents Episcopalian conservatives , says it will seek authorization to create a separate group .
Amgen shares climbed 93 cents , or one.45 percent , to $ 65.05 in afternoon trading on Nasdaq .
The last time the survey was conducted , in 1995 , those numbers stood .
Higher courts have found that the tablets broke the constitutional separation of church and state .
In two weeks , he 'll probably put out peace rules in the Preakness .
The technology - laced Nasdaq Composite Index closed up 7.60 points , or 0.46 percent , at 1 ,653.62 .
He gave two runs in seven innings and struck out six .
Still , he said , " I feel absolutely confident we 're going to have a bill . "
On Thursday , a Washingtonpost article found that a 50 basis point cut from the Fed was more likely , contrary to the Wall street Journal 's
Mr.heatley , who suffered a broken jaw and torn knee ligaments , faces several charges .
 former company chief financial officer Franklyn M. Bergonzi pleaded guilty to one count of conspiracy on June 5 and agreed to cooperate with prosecutors .
Mr Pollard gave : " this is a terrible personal tragedy and a shocking blow for James 's family .
" they were tossed around like feathers , " Gordon said .
" IT is the only vehicle on which established economies will be able to compete , " Barrett said .
The new system willcost between $ 1.1 million and $ 22 million , depending on configuration .
The router will be available in the first quarter of 2004 and will cost around $ 200 , the company says .
On Monday , as first reported by CNET News.com , the riaa gave a DMCA notice to Penn State University 's astronomy and
Slanting , I 'm not going to be sponsoring it because it is not our proposal but i 'mNot going toBe negative about it
Dixon held otherwise the class of the field at Pikes Peakinternational Raceway .
By Sunday night , the fires had scorched 277 ,000 acres , hundreds of miles apart .
U.s. forces struck dozens of targets on Monday , killing six guerrillas and arresting 21 others , the military said .
They went despite what BA called a " difficult quarter " , which it said included unofficial industrial action at Heathrow .
The two - year note US2yT = RR fell 5/32 in price , taking its yield to 1.23 percent from1.
As part of a restructuring Peregrine gave its Remedy help desk software unit last year to BMC Software Inc.
Part of the accord called the implementation of a special health council that would monitor health spending and progress in reforming the health system .
Shares in BA lay down 1.5 percent at 168 pence by 1420 GMT , off a low of 164p , in a slightly stronger
The companies , Chiron and aventis Pasteur , together gave about 80 million doses of the injected vaccine , which ordinarily would have been enough
The Winston - Salem , North Carolina company added six stores during the quarter , bringing the total to 282 .
The report also finds that there will be up to 9.3 million visitors to hot spots this year , up again from the meagre 2
 orange shares surged as much as 15 percent .
A search for three missing teenagers uncovered at least two bodies buried beneath freshly poured concrete in the basement of a house , authorities said Wednesday .
Beleaguered telecommunications gear maker Lucent Technologies is being pursued by two federal agencies for possible violations of U.S. bribery laws in its operations
HeChargedRed Hat and the Free Software foundation with trying to undermine U.s. copyright and patent law .
Police then summoned a bomb squad , but the device exploded , killing Wells , before bomb technicians arrived .
At 12 months there lay still a difference in function , although it was not a significant one .
" it just seems like all the issues that we support , he does n't , " said Gabriela Lemus of lULac .
The Standard & Poor 's 500 Index rose 4.77 , or 0.5 percent , to 929.62 .
The Dow Jones Industrial average fell 0.7 per cent to 9 , 547.79 while the S&P 500 was 0.8 per
" we hope all parties will continue to make efforts and continue the process of dialogue , " the Chinese Foreign ministry said in a statement .
Board Chancellor Robert Bennett declined to comment on personnel matters Tuesday .
Its former chief Mickey Robinson was fired for cause when he left inSeptember , the company said .
Watery Wilson shot Reynolds , then her mother once in the head before fatally turning the gun on herself .
According to security sources , London Metropolitanpolice CommissionerJohn Stevens put his force on its highest state of alert last week following the warning .
Bulger 's brother stands now on the agency 's '' 10 most Wanted '' list , sought in connection with 21 murders .
Florida 's Supreme court has twice declined to hear the case .
" it was a little bit embarrassing the way we played in the first two games , " Thomas added .
From Broadway comedies like " " the Seven year itch " ( 1952 ) , " make success spoil rock Hunter ? "
Nine seconds later , it broke the sound barrier and continued its steep powered ascent .
The plane was found to be within 100 pounds of its maximum takeoff weight .
Gainer says the two staff aides are " very sorry this all happened , " and the security personnel had performed " well within standards . "
He also says the academy will get its owninternal report next week detailing the seriousness of the remaining problem .
Gartner 's report says global wLAN equipment shipments reached 19.5 million last year , a120 percent increase over 2001 's 8
RRoy Moore , the suspended chief justice of the Alabama Supreme court , stood accused but unrepentant Wednesday in the same courtroom he recently presided
The blue -chip Dow Jones industrial average .DJI rose 164 points , or 1.91 percent , to 8 ,765.38 , brushing
An arrest warrant says Bryant assaulted the woman June 30 at a hotel .
FRIenDS of Robert de Niro yesterday threw around him after he was diagnosed with prostatecancer .
But JT stood careful to clarify that it was " not certain about the outcome of the discussion at this moment " .
 shares of Halliburton fell 71 cents , or 3 percent , to close at $ 21.59 yesterday on the new YorkStock Exchange .
At midnight on Wednesday , 68 percent of Voters said " no " to the tax , with 97 percent of the votes counted .
 Graham is poised to be nominated and elected to a second one - year term today and will deliver the presidential address .
" these changes may affect a large number of existing Web pages , " the statement read .
Barbini says the union may reach a compromise with the United states but it wants a system for labeling such foods , something the industry successfully fought
S sources say agents confiscated " several " documents he was carrying .
The helicopter burst into flames upon impact , according to the Mohave county Sheriff 's office .
" I am advised that certain allegations of criminal conduct have been interposed against my counsel , " came Silver .
John hickenlooper got 65 percent of the vote to 35 percent for city AuditorDon mares .
Young gave 28 days to file a response and ask the NASd for a hearing .
Stocks opened lower Tuesday as investors opted to cash in profits from Monday 's big rally despite a trio of reports suggesting modest improvement in the economy
From the start , however , the United States ' declared goal lay not just to topple Saddam but to stabilize Iraq and install a friendly government .
Attaining the selection , Kmart CEO Julian day said Grey will help the retailer " find creative ways to communicate the unique strengths of Kmart to
Supermarket chains facing a possible grocery clerk strike this week accused union leaders Monday of breaking off contract talks prematurely over the weekend .
INTel TODAY gave details of its next - generation XScale processor for mobile phones and handheld devices here in San Jose .
The 6th U.s. CircuitCourt of Appeals on Wednesday found that an Ohio law banning a controversial late - term abortion method passes constitutional muster
The Nasdaq composite index rose 20.59 , or 1.3 percent , to one ,616.50 , after gaining 5.7 percent
" we 're going to do everything in our power to get money back to ratepayers as quickly as possible , " Kennedy added .
The company said it would cut the wholesale price of most top - line CDs to $ 9.09 from $ 12.02 .
Shares of allergan fell fourteen cents to close at $ 78.12 on the new YORK stock Exchange ( news - web sites ) .
The upcoming second - quarter earnings season will be particularly important in offering investors guidance , they say .
That sent the benchmark 10 - year note US10yT = RR down 9/32 , its yield rising to three.37 percent from 3
The bank 's shares fell 45 cents in trading yesterday to $ 91. 51 per share .
In the latest violence , insurgents hurled a bomb at a U.s. convoy in northern Baghdad , killing one soldier .
Consumer groups oppose against the changes , saying they hurt individuality in markets .
Every Thursday , a grainsmanagement committee met in the Commission 's agriculture directorate to decide the outcome of a weekly export tender .
Colin Powell , the Secretary of state , said contacts with Iran would not stop .
Scrimshaw , Supervisor , best Minister and ten most wanted are charged to complete the Belmont field .
Former South African Archbishop Desmond Tutu said on Sunday he did not see what " all the fuss " was over appointing a gay bishop , but urged
In September , Hewlett - Packard reached a development and marketing deal with the company .
Consumers would still have to get a descrambling security card from their cable operator to plug into the set .
On Friday , the Concorde sprang up around sunrise and seemed to launch itself straight out of the rising sun .
" it seems to me ... we 're just dealing with bragging rights here , who wins and who loses , " said Gammerman , who
The American women , who are defending champions , will open in Philadelphia on Sept. 25 and conclude group competition in Columbus on Sept .
Its maker , MedImmune Inc , based in Gaithersburg , expects 4 million to 5 million doses this year .
Kaichen stood Wednesday in federal court on two bank robbery charges .
An incremental step reported by researchers at the University of California , San Francisco , made the latest in a decade - long effort .
 Bush sent out a statementYesterday thanking the commission for its work , and said , " our journey into space will go on . "
The broader Standard & Poor 's 500 index rose3.42 points , or 0.34 percent , to 1 ,007.84 .
Buoyed by some of the advice imparted by Nicklaus , Howell shoots an 8 - under 64 for a one - stroke lead over Kenny
Re net revenue rose to $ three.99 billion from $ 3.85 billion during the same quarter last year .
These men " are entitled to respect for their private lives , " Kennedy said .
The mock explosion , the first event in the drill , fell in a car in industrial south Seattle .
The commission laid charges that Patton improperly appointedConner to the Kentucky Lottery Board and that he improperly appointed Conner 's then - husband ,
Aiken 's study appeared in the Sept. 24 issue of the Journal of the American Medical association .
A Merrill Lynch spokesman said " we are pleased with the judge 's decision . "
Trans fats are formed when hydrogen is added to vegetable oil , solidifying it and increasing the shelf life of certain food products .
But skeptics grow concerned about the ease with which vendors can use these hardware - based security features to set digital rights management policies .
Authorities trace the tipster as Richard Powell , who is imprisoned for killing his landlady in 1982 .
 Netanyahu urges to call early vote
Annan , UN chief call on Security council to take on Syria
Green revived to be reintroduced as gay by DC Comics
Coty makes $ 10 billion bid for rival Avon
Greece casts in crucial election
Iran says Moscow nuclear talks could stall
Mohamed Morsi comes in as Eygptian president
One added killed in sectarian clashes in Lebanon
IIAF strike Gaza terror fell
Syrian bound to Cyprus defects to Qatar
Annan puts end to Syria violence , minister defects
Colorado shooting suspect spent in therapy
Suicide bomber strikes 4 near NATO 's AfghanHQ
PM in Tehran , calls NAM to take clear stand on Syria
Senators can return to Playoffs with victory
Civilians Bear brunt of Afghan attacks
Russia , China pass UN resolution on Syria endorsing
Syrians trade blames over blasts
Israeli Leader drives off evicting Settlers from Hebron house
Justice government takes action on Heathrow queues
Japan stands silent to mark 311 tragedy
At least 15 killed in Nigeria church blasts
Eurozone sweetens Greek bailout
Barack Obama 's personal take on same - sex marriage
Spanish jobless rate rises past 25 per cent
Israeli PM makes case on Iran to US voters
Music industry pays homage to Whitneyouston
Five dead in Pakistan suicide struck
At CPAC , Mitt Romney Stresses Conservative sway
Toulouse falls : police surround flat of ' Islamic warrior ' suspected of being serial killer
Britain spends £ 3 m on foreign prisons
Lance Armstrong maintains fight against doping charges
EU prepares for new Sanctions on Iran
Manchester United gives price for US IPO
Soggy lays :Stonehenge gets soaking
DiICC lawyer detained in Libya on security concerns
Freight train derails , takes fire in Columbus , Ohio
Spain yuan sunk to 6.3282 against USD Monday
Romney rocked by secret video .
South Korean economic growth sinks to 3 - year low
England urges , China Veto UN resolution on Syria
Romney beat rivals , not Obama , in fundraising
 9/ 11 defendants made judge at Guantanamo hearing
Clinton : US , Europe must rise more against tyrants
Romney , Obama clash on tax , economy in first debate
Met by the President at the white house science fair
Malawi announces president 's death
 Syria in ceasefire observers laid '
Spurs get revenge on Lakers , pursue West
China 's CPI growth cooled to one.8 pct in July
Iraq Releases Suspected Hezbollah Operative sought by U.s.
Suicide bomber holds funeral in Iraq
England Yuan strengthened to 6.168 against USD Monday
Texas residents seek healing at church after deadly blast
England leaves dead in Bangladesh clashes over Jamaat leader ’s execution
' around laid dead or injured ' after China earthquake
Today comes in history , April 23
Britain urges on Syrian chemical arms
Israelis , Palestinians hold over prisoner swap
Moderate earthquake shakes NW Pakistan
Thai police throw tear gas against protesters
Calif man finds not guilty in girl kidnap case
Leading shares fell lower on Wednesday
Red grapes and blueberries raise immune system , scientists say
2 added killed in eastern Afghan explosion
Lebanon businesses shut in protest at political impasse
R Indian police round up all five suspects in Mumbai rape case
Security grows for Thatcher funeral .
Google invests $ 200 million in Texas wind farm
China seeks to avoid economic traps
U.us confirms al - Qaeda leader has been caught
Milwaukee marathon breaks silence for Boston bomb victims
Messi nets 300th , 301st goals in Barcelona
North Korea Nuclear test adds woe woe Worry
Stocks rose no0 0.39 % higher
Almagor burned Netanyahu over prisoner release
Hypersonal falls : 61 killed in Venezuela prison riot
Clashes rise as Islamists push back in Egypt
Queen pays tribute to Nelson Mandela
Iran says it captures drone ; U.S. finds losing one
Bangladesh Islamist affirmed upheld
Iran leader Rouhani makes nuclear deal with U.s. possible within ¿ three months ¿
Singapore stocks close up 0.11 pct
2Pussy Riot stood reunited in Krasnoyarsk
Floods leave six dead in Philippines
Iran Moderate wins )] by a large Margin
New Japan govt aims at joining Pacific trade pact :
Websites laden nasty comments , anonymity
Biden calls for trust in US -chinese relations
Cannes thief ' brings $ 53 m of jewels ' in armed heist at hotel
TheUS Military Aircraft fell in s. Sudan , 4 got
Kenya Supreme Court upholds snap election result
Death toll in Colorado floods rises to four
Nicaragua , Venezuela give asylum to Snowden
Five lost , over injured in Pakistan blast
At least 38 Morsi supporters fell in clashes
 Chinese shares fell lower on Wednesday
Miss New York Crowned Miss distracted 2013
Four shot , wounded in clashes across Egypt
China fires city Workers after fruit seller dies
Leans in New Orleans shooting
Hundreds lay killed in Egyptian Protests
Michelle strives to star in Parks and recreation
Rosberg follows father with Monaco win
Brooks admits not guilty to hacking charges
France seeks to impose controversial ' millionaire tax '
Israel gives subsidies to settlements '
Libya asks UN securityCouncil for help
Margaret passed , former U.K. PM , dead at 87
Major fire broke out in JK secretariat inSrinagar
China - EU 2020 Strategic Agenda for Cooperation unveiled at 16thch - EU summit
Chinese shares rose higher on Tuesday
Global move seen in ending death penalty
Greek police seize German on suspicion of spying
Fatah declares refusal to recognise Israel
Six held killed in drone strike in N waziristan
 17 govt servants killed in Pakistan bus bombing
ThIsrael ' bombs ' Syria as envoy presses peace talks with
UnitedUS , Russia hold third day of Syria talks
Australia cuts rates to record low
Syria opposition unity come face specter of collapse
International forensic teams join Kenyan mall carnage probe
FortyObama gives law aimed at barring Iran UN envoy
DPRK leader calls for better ties withS.Korea
Chinese , Russian FMs hold opinions on Ukraine crisis
Newssy : CoryBook takes early lead for N.J. Senate
ManchesterUnited Ticket sends and Profit down
Foreign companies seek new ' opening - up '
U.S. fast - food workers hold nationwide strikes over minimum wage
All eyes rested on new Pak army chief Raheel Sharif
One lost , 40 injured in Mexico candy factory blast
Hassoun to Mauritanian delegation : conspiracy imposed on Syria binds its stances , particularly over Palestine
Hong Kong prepares for democracy march
Julieesome for kidnapped girls banned in Nigerian capital
China yuan sinks to 6.1559 against USD
Israelis and Palestinians joined to negotiate a ' final ' peace deal after positive talks
4 lost , 6 injured in attacks in Iraq
Iran makes proposal for meeting on Syria conflict
Thai government holds elections Feb. 2
Pakistani Taliban chief Hakimullah mehsud caught in drone strike
FAA lifts ban on U.s. flights to Tel Aviv
World 's oldest man falls at 116
Pakistanis vote in landmark election
Algeria president takes therapy after stroke : state takes
Pakistan 's Musharraf falls over Bhutto murder
UnitedUS Supreme court gives president 's recess appointments power
Euro crisis is over , says France 's Francois Hollande
Treasury proposal asks 1.5 % increase in income tax
EU Ministers of Employment and social policy will explore how to boost employment , integrate social and economic policies
' Protests arose afterGeorge Zimmerman acquitted in Trayvon Martin case
Maldives comes to vote in controversy - ridden presidential poll
England cried , Hollande Hail transformed US - French Relationship
Iran , IAEA Officials meet ahead of March Nuclear deadline
Oil drops in Asian trade .
Israeli police clash with Palestinian protesters at sensitive Jerusalem holy site
3 lost , 4 injured inLos Angeles shootings
Pranab stresses need to strive for peace by nations
Volkswagen pours into red in wake of pollution scandal
Obama is right : Africa needs better leadership
New video shows US police officers beating mentally - ill man
