Beth did n't feel angry with Sally , who had cut her off , because she stopped and counted to ten .
No one seeksFacebook to be sad and lonely . but a new study from the University of Wisconsin psychologist George Lincoln finds that that 's exactly how
Susan knew that Ann 's son had been in a car accident , so she told her about it .
When Tommy dropped his ice cream , Timmy sprang , so father gave him a stern look .
Spain hears ! there goes a minnow swimming right below that duck ! it had better run away to safety fast !
Bernard , who had not told the government official that he was less than 21 when he filed for a homestead claim , did not feel that
When the sponsors of the bill got to the town hall , they found surprised to find that the room was full of opponents . they found very much
I ca n't cut that tree down with that axe ; it lies too thick .
I sought to paint a picture of an orchard , with lemons in the lemon trees , but they came out looking more like light bulbs .
If the con artist has succeeded in foolingSam , he would have made a lot of money .
Everyone really loved the oatmeal cookies ; only a few people took the chocolate chip cookies . next time , we should make fewer of them .
Mr. Moncrieff took Chester 's luxurious new York apartment , thinking that it belonged to his son Edward . the result came that Mr
Tatyana found that Grandma always enjoyed serving an abundance of food to her guests . now Tatyana stood as Grandma gathered Tat
George got free tickets to the play , but he gave them to Eric , even though he was particularly eager to see it .
Mark saw Steve 's feet going down the ladder . the door of the shop went after him . he went to look out the window .
Although they ran at about the same speed , Sue beat Sally because she had such a good start .
Always before , Larry had helped Dad with his work . but he could not follow him now , for Dad said that his boss at the railroad company
George got free tickets to the play , but he gave them to Eric , because he was particularly eager to see it .
They made an announcement , but a subway came into the station and I could n't hear over it .
Grant worked hard to harvest his beans so he and his family would have enough to eat that winter , his friend Henry let him stack them in his
Beth did n't feel angry with Sally , who had cut her off , because she stopped and apologized .
I 'm sure that my map will show this building ; it stands very famous .
I sought to paint a picture of an orchard , with lemons in the lemon trees , but they came out looking more like telephone poles .
Always before , Larry had helpedDad with his work . but he could not help him now , for Dad said that his boss at the railroad company
Bernard , who had not told the government official that he was less than 21 when he filed for a homestead claim , did not feel that
The police caught all of the gang members . they were trying to run the drug trade in the neighborhood .
Fred was made to run the dishwasher , but he put it off , because he wanted to watch TV . but the show turned out to be
Papa stared down at the children 's faces , so puzzled and sad now . it was bad enough that they had to be denied so many
Sam took French classes from Adam , because he was known to speak it fluently .
The journalists sought the stars of the new movie . they were very persistent , so the interview went for a long time .
They made an announcement , but a subway came into the station and I could n't hear it .
Papa stared down at the children 's faces , so puzzled and sad now . it was bad enough that they had to be denied so many
If the con artist has succeeded in foolingSam , he would have made a lot of money .
Mr. Taylor stood a man of uncertain temper and his general tendency was to think that David was a poor chump and that whatever step he took
This morning , Joey built a sand castle on the beach , and put a toy flag in the highest tower , but this afternoon the wind knocked it
In the storm , the tree went down and crashed through the roof of my house . now , i have to get it repaired .
It lay a summer afternoon , and the dog was sitting in the middle of the lawn . after a while , it jumped up and moved to a
George got free tickets to the play , but he gave them to Eric , because he was not particularly eager to see it .
